[INFO]: timer started
[INFO]: >>> Running 'transform' function. Logged at 2022-06-13 16:16:16.601697+00:00
[INFO]: >>> Running 'connect_db' function. Logged at 2022-06-13 16:16:16.601901+00:00
[INFO]: ('PostgreSQL 11.16 (Debian 11.16-1.pgdg90+1) on x86_64-pc-linux-gnu, compiled by gcc (Debian 6.3.0-18+deb9u1) 6.3.0 20170516, 64-bit',)
[INFO]: >>> Function: 'connect_db' executed. Logged at 2022-06-13 16:16:16.601901+00:00
[INFO]: >>> Running 'extract' function. Logged at 2022-06-13 16:16:16.713868+00:00
[INFO]: >>> Function: 'extract' executed. Logged at 2022-06-13 16:16:16.713868+00:00
[INFO]: >>> Running 'download' function. Logged at 2022-06-13 16:16:16.714278+00:00
[DEBUG]: Starting new HTTP connection (1): snap.stanford.edu:80
[DEBUG]: http://snap.stanford.edu:80 "GET /data/amazon/productGraph/categoryFiles/meta_Amazon_Instant_Video.json.gz HTTP/1.1" 200 182451
[INFO]: start downloading the file meta_Amazon_Instant_Video.json.gz
[INFO]: response_size: 182451
[INFO]: >>> Function: 'download' executed. Logged at 2022-06-13 16:16:16.714278+00:00
[INFO]: >>> Running 'download' function. Logged at 2022-06-13 16:16:19.230830+00:00
[DEBUG]: Starting new HTTP connection (1): snap.stanford.edu:80
[DEBUG]: http://snap.stanford.edu:80 "GET /data/amazon/productGraph/categoryFiles/meta_Musical_Instruments.json.gz HTTP/1.1" 200 30816870
[INFO]: start downloading the file meta_Musical_Instruments.json.gz
[INFO]: response_size: 30816870
[INFO]: >>> Function: 'download' executed. Logged at 2022-06-13 16:16:19.230830+00:00
[INFO]: number of lines in source 115549
[INFO]: >>> Function: 'transform' executed. Logged at 2022-06-13 16:16:16.601697+00:00
[INFO]: >>> Running 'connect_db' function. Logged at 2022-06-13 16:17:03.270900+00:00
[INFO]: ('PostgreSQL 11.16 (Debian 11.16-1.pgdg90+1) on x86_64-pc-linux-gnu, compiled by gcc (Debian 6.3.0-18+deb9u1) 6.3.0 20170516, 64-bit',)
[INFO]: >>> Function: 'connect_db' executed. Logged at 2022-06-13 16:17:03.270900+00:00
[INFO]: >>> Running 'load_data_to_db' function. Logged at 2022-06-13 16:17:03.321324+00:00
[INFO]: >>> Function: 'load_data_to_db' executed. Logged at 2022-06-13 16:17:03.321324+00:00
[INFO]: it took 240.38251423835754 seconds to transfer the data
