[2022-06-13 15:46:17,190] {processor.py:163} INFO - Started process (PID=122) to work on /opt/airflow/dags/etl_third_run.py
[2022-06-13 15:46:17,207] {processor.py:642} INFO - Processing file /opt/airflow/dags/etl_third_run.py for tasks to queue
[2022-06-13 15:46:17,216] {logging_mixin.py:109} INFO - [2022-06-13 15:46:17,216] {dagbag.py:500} INFO - Filling up the DagBag from /opt/airflow/dags/etl_third_run.py
[2022-06-13 15:46:21,119] {processor.py:654} INFO - DAG(s) dict_keys(['etl_third_dag']) retrieved from /opt/airflow/dags/etl_third_run.py
[2022-06-13 15:46:27,805] {logging_mixin.py:109} INFO - [2022-06-13 15:46:27,805] {manager.py:496} INFO - Created Permission View: can edit on DAG:etl_third_dag
[2022-06-13 15:46:27,816] {logging_mixin.py:109} INFO - [2022-06-13 15:46:27,815] {manager.py:496} INFO - Created Permission View: can read on DAG:etl_third_dag
[2022-06-13 15:46:27,816] {logging_mixin.py:109} INFO - [2022-06-13 15:46:27,816] {dag.py:2396} INFO - Sync 1 DAGs
[2022-06-13 15:46:27,827] {logging_mixin.py:109} INFO - [2022-06-13 15:46:27,826] {dag.py:2415} INFO - Creating ORM DAG for etl_third_dag
[2022-06-13 15:46:27,839] {logging_mixin.py:109} INFO - [2022-06-13 15:46:27,838] {dag.py:2935} INFO - Setting next_dagrun for etl_third_dag to 2022-06-12 23:00:00+00:00
[2022-06-13 15:46:27,863] {processor.py:171} INFO - Processing /opt/airflow/dags/etl_third_run.py took 10.680 seconds
[2022-06-13 15:47:27,990] {processor.py:163} INFO - Started process (PID=164) to work on /opt/airflow/dags/etl_third_run.py
[2022-06-13 15:47:27,993] {processor.py:642} INFO - Processing file /opt/airflow/dags/etl_third_run.py for tasks to queue
[2022-06-13 15:47:27,994] {logging_mixin.py:109} INFO - [2022-06-13 15:47:27,994] {dagbag.py:500} INFO - Filling up the DagBag from /opt/airflow/dags/etl_third_run.py
[2022-06-13 15:47:28,075] {processor.py:654} INFO - DAG(s) dict_keys(['etl_third_dag']) retrieved from /opt/airflow/dags/etl_third_run.py
[2022-06-13 15:47:28,088] {logging_mixin.py:109} INFO - [2022-06-13 15:47:28,088] {dag.py:2396} INFO - Sync 1 DAGs
[2022-06-13 15:47:28,111] {logging_mixin.py:109} INFO - [2022-06-13 15:47:28,111] {dag.py:2935} INFO - Setting next_dagrun for etl_third_dag to 2022-06-12 23:00:00+00:00
[2022-06-13 15:47:28,130] {processor.py:171} INFO - Processing /opt/airflow/dags/etl_third_run.py took 0.144 seconds
[2022-06-13 15:48:28,686] {processor.py:163} INFO - Started process (PID=204) to work on /opt/airflow/dags/etl_third_run.py
[2022-06-13 15:48:28,692] {processor.py:642} INFO - Processing file /opt/airflow/dags/etl_third_run.py for tasks to queue
[2022-06-13 15:48:28,694] {logging_mixin.py:109} INFO - [2022-06-13 15:48:28,694] {dagbag.py:500} INFO - Filling up the DagBag from /opt/airflow/dags/etl_third_run.py
[2022-06-13 15:48:28,737] {processor.py:654} INFO - DAG(s) dict_keys(['etl_third_dag']) retrieved from /opt/airflow/dags/etl_third_run.py
[2022-06-13 15:48:28,746] {logging_mixin.py:109} INFO - [2022-06-13 15:48:28,746] {dag.py:2396} INFO - Sync 1 DAGs
[2022-06-13 15:48:28,781] {logging_mixin.py:109} INFO - [2022-06-13 15:48:28,781] {dag.py:2935} INFO - Setting next_dagrun for etl_third_dag to 2022-06-12 23:00:00+00:00
[2022-06-13 15:48:28,816] {processor.py:171} INFO - Processing /opt/airflow/dags/etl_third_run.py took 0.143 seconds
[2022-06-13 15:49:29,386] {processor.py:163} INFO - Started process (PID=245) to work on /opt/airflow/dags/etl_third_run.py
[2022-06-13 15:49:29,409] {processor.py:642} INFO - Processing file /opt/airflow/dags/etl_third_run.py for tasks to queue
[2022-06-13 15:49:29,420] {logging_mixin.py:109} INFO - [2022-06-13 15:49:29,411] {dagbag.py:500} INFO - Filling up the DagBag from /opt/airflow/dags/etl_third_run.py
[2022-06-13 15:49:29,609] {processor.py:654} INFO - DAG(s) dict_keys(['etl_third_dag']) retrieved from /opt/airflow/dags/etl_third_run.py
[2022-06-13 15:49:29,715] {logging_mixin.py:109} INFO - [2022-06-13 15:49:29,713] {dag.py:2396} INFO - Sync 1 DAGs
[2022-06-13 15:49:29,797] {logging_mixin.py:109} INFO - [2022-06-13 15:49:29,796] {dag.py:2935} INFO - Setting next_dagrun for etl_third_dag to 2022-06-12 23:00:00+00:00
[2022-06-13 15:49:29,818] {processor.py:171} INFO - Processing /opt/airflow/dags/etl_third_run.py took 0.435 seconds
[2022-06-13 15:50:30,029] {processor.py:163} INFO - Started process (PID=284) to work on /opt/airflow/dags/etl_third_run.py
[2022-06-13 15:50:30,035] {processor.py:642} INFO - Processing file /opt/airflow/dags/etl_third_run.py for tasks to queue
[2022-06-13 15:50:30,037] {logging_mixin.py:109} INFO - [2022-06-13 15:50:30,036] {dagbag.py:500} INFO - Filling up the DagBag from /opt/airflow/dags/etl_third_run.py
[2022-06-13 15:50:30,162] {processor.py:654} INFO - DAG(s) dict_keys(['etl_third_dag']) retrieved from /opt/airflow/dags/etl_third_run.py
[2022-06-13 15:50:30,188] {logging_mixin.py:109} INFO - [2022-06-13 15:50:30,188] {dag.py:2396} INFO - Sync 1 DAGs
[2022-06-13 15:50:30,252] {logging_mixin.py:109} INFO - [2022-06-13 15:50:30,252] {dag.py:2935} INFO - Setting next_dagrun for etl_third_dag to 2022-06-12 23:00:00+00:00
[2022-06-13 15:50:30,264] {processor.py:171} INFO - Processing /opt/airflow/dags/etl_third_run.py took 0.249 seconds
[2022-06-13 15:51:31,070] {processor.py:163} INFO - Started process (PID=323) to work on /opt/airflow/dags/etl_third_run.py
[2022-06-13 15:51:31,076] {processor.py:642} INFO - Processing file /opt/airflow/dags/etl_third_run.py for tasks to queue
[2022-06-13 15:51:31,083] {logging_mixin.py:109} INFO - [2022-06-13 15:51:31,083] {dagbag.py:500} INFO - Filling up the DagBag from /opt/airflow/dags/etl_third_run.py
[2022-06-13 15:51:31,158] {processor.py:654} INFO - DAG(s) dict_keys(['etl_third_dag']) retrieved from /opt/airflow/dags/etl_third_run.py
[2022-06-13 15:51:31,174] {logging_mixin.py:109} INFO - [2022-06-13 15:51:31,174] {dag.py:2396} INFO - Sync 1 DAGs
[2022-06-13 15:51:31,223] {logging_mixin.py:109} INFO - [2022-06-13 15:51:31,222] {dag.py:2935} INFO - Setting next_dagrun for etl_third_dag to 2022-06-12 23:00:00+00:00
[2022-06-13 15:51:31,252] {processor.py:171} INFO - Processing /opt/airflow/dags/etl_third_run.py took 0.195 seconds
[2022-06-13 15:52:31,766] {processor.py:163} INFO - Started process (PID=353) to work on /opt/airflow/dags/etl_third_run.py
[2022-06-13 15:52:31,777] {processor.py:642} INFO - Processing file /opt/airflow/dags/etl_third_run.py for tasks to queue
[2022-06-13 15:52:31,779] {logging_mixin.py:109} INFO - [2022-06-13 15:52:31,779] {dagbag.py:500} INFO - Filling up the DagBag from /opt/airflow/dags/etl_third_run.py
[2022-06-13 15:52:31,888] {processor.py:654} INFO - DAG(s) dict_keys(['etl_third_dag']) retrieved from /opt/airflow/dags/etl_third_run.py
[2022-06-13 15:52:31,914] {logging_mixin.py:109} INFO - [2022-06-13 15:52:31,913] {dag.py:2396} INFO - Sync 1 DAGs
[2022-06-13 15:52:31,979] {logging_mixin.py:109} INFO - [2022-06-13 15:52:31,979] {dag.py:2935} INFO - Setting next_dagrun for etl_third_dag to 2022-06-12 23:00:00+00:00
[2022-06-13 15:52:31,994] {processor.py:171} INFO - Processing /opt/airflow/dags/etl_third_run.py took 0.239 seconds
[2022-06-13 15:53:32,222] {processor.py:163} INFO - Started process (PID=392) to work on /opt/airflow/dags/etl_third_run.py
[2022-06-13 15:53:32,230] {processor.py:642} INFO - Processing file /opt/airflow/dags/etl_third_run.py for tasks to queue
[2022-06-13 15:53:32,237] {logging_mixin.py:109} INFO - [2022-06-13 15:53:32,237] {dagbag.py:500} INFO - Filling up the DagBag from /opt/airflow/dags/etl_third_run.py
[2022-06-13 15:53:32,316] {processor.py:654} INFO - DAG(s) dict_keys(['etl_third_dag']) retrieved from /opt/airflow/dags/etl_third_run.py
[2022-06-13 15:53:32,393] {logging_mixin.py:109} INFO - [2022-06-13 15:53:32,392] {dag.py:2396} INFO - Sync 1 DAGs
[2022-06-13 15:53:32,486] {logging_mixin.py:109} INFO - [2022-06-13 15:53:32,486] {dag.py:2935} INFO - Setting next_dagrun for etl_third_dag to 2022-06-12 23:00:00+00:00
[2022-06-13 15:53:32,529] {processor.py:171} INFO - Processing /opt/airflow/dags/etl_third_run.py took 0.316 seconds
[2022-06-13 15:54:33,254] {processor.py:163} INFO - Started process (PID=420) to work on /opt/airflow/dags/etl_third_run.py
[2022-06-13 15:54:33,264] {processor.py:642} INFO - Processing file /opt/airflow/dags/etl_third_run.py for tasks to queue
[2022-06-13 15:54:33,266] {logging_mixin.py:109} INFO - [2022-06-13 15:54:33,266] {dagbag.py:500} INFO - Filling up the DagBag from /opt/airflow/dags/etl_third_run.py
[2022-06-13 15:54:33,542] {processor.py:654} INFO - DAG(s) dict_keys(['etl_third_dag']) retrieved from /opt/airflow/dags/etl_third_run.py
[2022-06-13 15:54:33,607] {logging_mixin.py:109} INFO - [2022-06-13 15:54:33,603] {dag.py:2396} INFO - Sync 1 DAGs
[2022-06-13 15:54:33,874] {logging_mixin.py:109} INFO - [2022-06-13 15:54:33,873] {dag.py:2935} INFO - Setting next_dagrun for etl_third_dag to 2022-06-12 23:00:00+00:00
[2022-06-13 15:54:34,018] {processor.py:171} INFO - Processing /opt/airflow/dags/etl_third_run.py took 0.776 seconds
[2022-06-13 15:55:34,917] {processor.py:163} INFO - Started process (PID=459) to work on /opt/airflow/dags/etl_third_run.py
[2022-06-13 15:55:34,919] {processor.py:642} INFO - Processing file /opt/airflow/dags/etl_third_run.py for tasks to queue
[2022-06-13 15:55:34,920] {logging_mixin.py:109} INFO - [2022-06-13 15:55:34,920] {dagbag.py:500} INFO - Filling up the DagBag from /opt/airflow/dags/etl_third_run.py
[2022-06-13 15:55:34,988] {processor.py:654} INFO - DAG(s) dict_keys(['etl_third_dag']) retrieved from /opt/airflow/dags/etl_third_run.py
[2022-06-13 15:55:35,002] {logging_mixin.py:109} INFO - [2022-06-13 15:55:35,002] {dag.py:2396} INFO - Sync 1 DAGs
[2022-06-13 15:55:35,035] {logging_mixin.py:109} INFO - [2022-06-13 15:55:35,035] {dag.py:2935} INFO - Setting next_dagrun for etl_third_dag to 2022-06-12 23:00:00+00:00
[2022-06-13 15:55:35,069] {processor.py:171} INFO - Processing /opt/airflow/dags/etl_third_run.py took 0.156 seconds
[2022-06-13 15:56:35,301] {processor.py:163} INFO - Started process (PID=496) to work on /opt/airflow/dags/etl_third_run.py
[2022-06-13 15:56:35,306] {processor.py:642} INFO - Processing file /opt/airflow/dags/etl_third_run.py for tasks to queue
[2022-06-13 15:56:35,308] {logging_mixin.py:109} INFO - [2022-06-13 15:56:35,308] {dagbag.py:500} INFO - Filling up the DagBag from /opt/airflow/dags/etl_third_run.py
[2022-06-13 15:56:35,402] {processor.py:654} INFO - DAG(s) dict_keys(['etl_third_dag']) retrieved from /opt/airflow/dags/etl_third_run.py
[2022-06-13 15:56:35,413] {logging_mixin.py:109} INFO - [2022-06-13 15:56:35,413] {dag.py:2396} INFO - Sync 1 DAGs
[2022-06-13 15:56:35,459] {logging_mixin.py:109} INFO - [2022-06-13 15:56:35,459] {dag.py:2935} INFO - Setting next_dagrun for etl_third_dag to 2022-06-12 23:00:00+00:00
[2022-06-13 15:56:35,480] {processor.py:171} INFO - Processing /opt/airflow/dags/etl_third_run.py took 0.191 seconds
[2022-06-13 15:57:35,918] {processor.py:163} INFO - Started process (PID=533) to work on /opt/airflow/dags/etl_third_run.py
[2022-06-13 15:57:35,921] {processor.py:642} INFO - Processing file /opt/airflow/dags/etl_third_run.py for tasks to queue
[2022-06-13 15:57:35,922] {logging_mixin.py:109} INFO - [2022-06-13 15:57:35,922] {dagbag.py:500} INFO - Filling up the DagBag from /opt/airflow/dags/etl_third_run.py
[2022-06-13 15:57:35,996] {processor.py:654} INFO - DAG(s) dict_keys(['etl_third_dag']) retrieved from /opt/airflow/dags/etl_third_run.py
[2022-06-13 15:57:36,009] {logging_mixin.py:109} INFO - [2022-06-13 15:57:36,009] {dag.py:2396} INFO - Sync 1 DAGs
[2022-06-13 15:57:36,033] {logging_mixin.py:109} INFO - [2022-06-13 15:57:36,033] {dag.py:2935} INFO - Setting next_dagrun for etl_third_dag to 2022-06-12 23:00:00+00:00
[2022-06-13 15:57:36,046] {processor.py:171} INFO - Processing /opt/airflow/dags/etl_third_run.py took 0.132 seconds
[2022-06-13 15:58:36,179] {processor.py:163} INFO - Started process (PID=572) to work on /opt/airflow/dags/etl_third_run.py
[2022-06-13 15:58:36,182] {processor.py:642} INFO - Processing file /opt/airflow/dags/etl_third_run.py for tasks to queue
[2022-06-13 15:58:36,183] {logging_mixin.py:109} INFO - [2022-06-13 15:58:36,182] {dagbag.py:500} INFO - Filling up the DagBag from /opt/airflow/dags/etl_third_run.py
[2022-06-13 15:58:36,227] {processor.py:654} INFO - DAG(s) dict_keys(['etl_third_dag']) retrieved from /opt/airflow/dags/etl_third_run.py
[2022-06-13 15:58:36,241] {logging_mixin.py:109} INFO - [2022-06-13 15:58:36,241] {dag.py:2396} INFO - Sync 1 DAGs
[2022-06-13 15:58:36,272] {logging_mixin.py:109} INFO - [2022-06-13 15:58:36,272] {dag.py:2935} INFO - Setting next_dagrun for etl_third_dag to 2022-06-12 23:00:00+00:00
[2022-06-13 15:58:36,285] {processor.py:171} INFO - Processing /opt/airflow/dags/etl_third_run.py took 0.111 seconds
[2022-06-13 15:59:36,453] {processor.py:163} INFO - Started process (PID=609) to work on /opt/airflow/dags/etl_third_run.py
[2022-06-13 15:59:36,458] {processor.py:642} INFO - Processing file /opt/airflow/dags/etl_third_run.py for tasks to queue
[2022-06-13 15:59:36,459] {logging_mixin.py:109} INFO - [2022-06-13 15:59:36,459] {dagbag.py:500} INFO - Filling up the DagBag from /opt/airflow/dags/etl_third_run.py
[2022-06-13 15:59:36,530] {processor.py:654} INFO - DAG(s) dict_keys(['etl_third_dag']) retrieved from /opt/airflow/dags/etl_third_run.py
[2022-06-13 15:59:36,542] {logging_mixin.py:109} INFO - [2022-06-13 15:59:36,542] {dag.py:2396} INFO - Sync 1 DAGs
[2022-06-13 15:59:36,568] {logging_mixin.py:109} INFO - [2022-06-13 15:59:36,567] {dag.py:2935} INFO - Setting next_dagrun for etl_third_dag to 2022-06-12 23:00:00+00:00
[2022-06-13 15:59:36,580] {processor.py:171} INFO - Processing /opt/airflow/dags/etl_third_run.py took 0.145 seconds
[2022-06-13 16:00:37,047] {processor.py:163} INFO - Started process (PID=639) to work on /opt/airflow/dags/etl_third_run.py
[2022-06-13 16:00:37,064] {processor.py:642} INFO - Processing file /opt/airflow/dags/etl_third_run.py for tasks to queue
[2022-06-13 16:00:37,066] {logging_mixin.py:109} INFO - [2022-06-13 16:00:37,066] {dagbag.py:500} INFO - Filling up the DagBag from /opt/airflow/dags/etl_third_run.py
[2022-06-13 16:00:37,197] {processor.py:654} INFO - DAG(s) dict_keys(['etl_third_dag']) retrieved from /opt/airflow/dags/etl_third_run.py
[2022-06-13 16:00:37,250] {logging_mixin.py:109} INFO - [2022-06-13 16:00:37,242] {dag.py:2396} INFO - Sync 1 DAGs
[2022-06-13 16:00:37,379] {logging_mixin.py:109} INFO - [2022-06-13 16:00:37,379] {dag.py:2935} INFO - Setting next_dagrun for etl_third_dag to 2022-06-12 23:00:00+00:00
[2022-06-13 16:00:37,440] {processor.py:171} INFO - Processing /opt/airflow/dags/etl_third_run.py took 0.408 seconds
[2022-06-13 16:05:48,912] {processor.py:163} INFO - Started process (PID=74) to work on /opt/airflow/dags/etl_third_run.py
[2022-06-13 16:05:48,924] {processor.py:642} INFO - Processing file /opt/airflow/dags/etl_third_run.py for tasks to queue
[2022-06-13 16:05:48,936] {logging_mixin.py:109} INFO - [2022-06-13 16:05:48,936] {dagbag.py:500} INFO - Filling up the DagBag from /opt/airflow/dags/etl_third_run.py
[2022-06-13 16:05:49,684] {processor.py:654} INFO - DAG(s) dict_keys(['etl_third_dag']) retrieved from /opt/airflow/dags/etl_third_run.py
[2022-06-13 16:05:49,721] {logging_mixin.py:109} INFO - [2022-06-13 16:05:49,721] {dag.py:2396} INFO - Sync 1 DAGs
[2022-06-13 16:05:49,781] {logging_mixin.py:109} INFO - [2022-06-13 16:05:49,781] {dag.py:2935} INFO - Setting next_dagrun for etl_third_dag to 2022-06-12 23:00:00+00:00
[2022-06-13 16:05:49,829] {processor.py:171} INFO - Processing /opt/airflow/dags/etl_third_run.py took 1.017 seconds
[2022-06-13 16:06:50,852] {processor.py:163} INFO - Started process (PID=110) to work on /opt/airflow/dags/etl_third_run.py
[2022-06-13 16:06:50,854] {processor.py:642} INFO - Processing file /opt/airflow/dags/etl_third_run.py for tasks to queue
[2022-06-13 16:06:50,856] {logging_mixin.py:109} INFO - [2022-06-13 16:06:50,855] {dagbag.py:500} INFO - Filling up the DagBag from /opt/airflow/dags/etl_third_run.py
[2022-06-13 16:06:51,301] {processor.py:654} INFO - DAG(s) dict_keys(['etl_third_dag']) retrieved from /opt/airflow/dags/etl_third_run.py
[2022-06-13 16:06:51,334] {logging_mixin.py:109} INFO - [2022-06-13 16:06:51,334] {dag.py:2396} INFO - Sync 1 DAGs
[2022-06-13 16:06:51,364] {logging_mixin.py:109} INFO - [2022-06-13 16:06:51,363] {dag.py:2935} INFO - Setting next_dagrun for etl_third_dag to 2022-06-12 23:00:00+00:00
[2022-06-13 16:06:51,386] {processor.py:171} INFO - Processing /opt/airflow/dags/etl_third_run.py took 0.540 seconds
[2022-06-13 16:07:52,195] {processor.py:163} INFO - Started process (PID=158) to work on /opt/airflow/dags/etl_third_run.py
[2022-06-13 16:07:52,205] {processor.py:642} INFO - Processing file /opt/airflow/dags/etl_third_run.py for tasks to queue
[2022-06-13 16:07:52,207] {logging_mixin.py:109} INFO - [2022-06-13 16:07:52,206] {dagbag.py:500} INFO - Filling up the DagBag from /opt/airflow/dags/etl_third_run.py
[2022-06-13 16:07:52,288] {processor.py:654} INFO - DAG(s) dict_keys(['etl_third_dag']) retrieved from /opt/airflow/dags/etl_third_run.py
[2022-06-13 16:07:52,313] {logging_mixin.py:109} INFO - [2022-06-13 16:07:52,312] {dag.py:2396} INFO - Sync 1 DAGs
[2022-06-13 16:07:52,379] {logging_mixin.py:109} INFO - [2022-06-13 16:07:52,378] {dag.py:2935} INFO - Setting next_dagrun for etl_third_dag to 2022-06-12 23:00:00+00:00
[2022-06-13 16:07:52,403] {processor.py:171} INFO - Processing /opt/airflow/dags/etl_third_run.py took 0.221 seconds
[2022-06-13 16:08:53,023] {processor.py:163} INFO - Started process (PID=196) to work on /opt/airflow/dags/etl_third_run.py
[2022-06-13 16:08:53,032] {processor.py:642} INFO - Processing file /opt/airflow/dags/etl_third_run.py for tasks to queue
[2022-06-13 16:08:53,037] {logging_mixin.py:109} INFO - [2022-06-13 16:08:53,037] {dagbag.py:500} INFO - Filling up the DagBag from /opt/airflow/dags/etl_third_run.py
[2022-06-13 16:08:53,196] {processor.py:654} INFO - DAG(s) dict_keys(['etl_third_dag']) retrieved from /opt/airflow/dags/etl_third_run.py
[2022-06-13 16:08:53,222] {logging_mixin.py:109} INFO - [2022-06-13 16:08:53,221] {dag.py:2396} INFO - Sync 1 DAGs
[2022-06-13 16:08:53,271] {logging_mixin.py:109} INFO - [2022-06-13 16:08:53,271] {dag.py:2935} INFO - Setting next_dagrun for etl_third_dag to 2022-06-12 23:00:00+00:00
[2022-06-13 16:08:53,290] {processor.py:171} INFO - Processing /opt/airflow/dags/etl_third_run.py took 0.290 seconds
[2022-06-13 16:09:53,664] {processor.py:163} INFO - Started process (PID=235) to work on /opt/airflow/dags/etl_third_run.py
[2022-06-13 16:09:53,667] {processor.py:642} INFO - Processing file /opt/airflow/dags/etl_third_run.py for tasks to queue
[2022-06-13 16:09:53,669] {logging_mixin.py:109} INFO - [2022-06-13 16:09:53,669] {dagbag.py:500} INFO - Filling up the DagBag from /opt/airflow/dags/etl_third_run.py
[2022-06-13 16:09:53,713] {processor.py:654} INFO - DAG(s) dict_keys(['etl_third_dag']) retrieved from /opt/airflow/dags/etl_third_run.py
[2022-06-13 16:09:53,728] {logging_mixin.py:109} INFO - [2022-06-13 16:09:53,728] {dag.py:2396} INFO - Sync 1 DAGs
[2022-06-13 16:09:53,754] {logging_mixin.py:109} INFO - [2022-06-13 16:09:53,754] {dag.py:2935} INFO - Setting next_dagrun for etl_third_dag to 2022-06-12 23:00:00+00:00
[2022-06-13 16:09:53,767] {processor.py:171} INFO - Processing /opt/airflow/dags/etl_third_run.py took 0.111 seconds
[2022-06-13 16:10:54,737] {processor.py:163} INFO - Started process (PID=272) to work on /opt/airflow/dags/etl_third_run.py
[2022-06-13 16:10:54,749] {processor.py:642} INFO - Processing file /opt/airflow/dags/etl_third_run.py for tasks to queue
[2022-06-13 16:10:54,760] {logging_mixin.py:109} INFO - [2022-06-13 16:10:54,759] {dagbag.py:500} INFO - Filling up the DagBag from /opt/airflow/dags/etl_third_run.py
[2022-06-13 16:10:54,852] {processor.py:654} INFO - DAG(s) dict_keys(['etl_third_dag']) retrieved from /opt/airflow/dags/etl_third_run.py
[2022-06-13 16:10:54,883] {logging_mixin.py:109} INFO - [2022-06-13 16:10:54,883] {dag.py:2396} INFO - Sync 1 DAGs
[2022-06-13 16:10:54,957] {logging_mixin.py:109} INFO - [2022-06-13 16:10:54,956] {dag.py:2935} INFO - Setting next_dagrun for etl_third_dag to 2022-06-12 23:00:00+00:00
[2022-06-13 16:10:54,980] {processor.py:171} INFO - Processing /opt/airflow/dags/etl_third_run.py took 0.261 seconds
[2022-06-13 16:11:55,959] {processor.py:163} INFO - Started process (PID=301) to work on /opt/airflow/dags/etl_third_run.py
[2022-06-13 16:11:55,965] {processor.py:642} INFO - Processing file /opt/airflow/dags/etl_third_run.py for tasks to queue
[2022-06-13 16:11:55,966] {logging_mixin.py:109} INFO - [2022-06-13 16:11:55,966] {dagbag.py:500} INFO - Filling up the DagBag from /opt/airflow/dags/etl_third_run.py
[2022-06-13 16:11:56,129] {processor.py:654} INFO - DAG(s) dict_keys(['etl_third_dag']) retrieved from /opt/airflow/dags/etl_third_run.py
[2022-06-13 16:11:56,181] {logging_mixin.py:109} INFO - [2022-06-13 16:11:56,181] {dag.py:2396} INFO - Sync 1 DAGs
[2022-06-13 16:11:56,287] {logging_mixin.py:109} INFO - [2022-06-13 16:11:56,287] {dag.py:2935} INFO - Setting next_dagrun for etl_third_dag to 2022-06-12 23:00:00+00:00
[2022-06-13 16:11:56,359] {processor.py:171} INFO - Processing /opt/airflow/dags/etl_third_run.py took 0.417 seconds
[2022-06-13 16:12:58,054] {processor.py:163} INFO - Started process (PID=338) to work on /opt/airflow/dags/etl_third_run.py
[2022-06-13 16:12:58,086] {processor.py:642} INFO - Processing file /opt/airflow/dags/etl_third_run.py for tasks to queue
[2022-06-13 16:12:58,138] {logging_mixin.py:109} INFO - [2022-06-13 16:12:58,106] {dagbag.py:500} INFO - Filling up the DagBag from /opt/airflow/dags/etl_third_run.py
[2022-06-13 16:12:58,399] {processor.py:654} INFO - DAG(s) dict_keys(['etl_third_dag']) retrieved from /opt/airflow/dags/etl_third_run.py
[2022-06-13 16:12:58,471] {logging_mixin.py:109} INFO - [2022-06-13 16:12:58,471] {dag.py:2396} INFO - Sync 1 DAGs
[2022-06-13 16:12:58,731] {logging_mixin.py:109} INFO - [2022-06-13 16:12:58,730] {dag.py:2935} INFO - Setting next_dagrun for etl_third_dag to 2022-06-12 23:00:00+00:00
[2022-06-13 16:12:58,785] {processor.py:171} INFO - Processing /opt/airflow/dags/etl_third_run.py took 0.878 seconds
[2022-06-13 16:13:59,130] {processor.py:163} INFO - Started process (PID=369) to work on /opt/airflow/dags/etl_third_run.py
[2022-06-13 16:13:59,132] {processor.py:642} INFO - Processing file /opt/airflow/dags/etl_third_run.py for tasks to queue
[2022-06-13 16:13:59,133] {logging_mixin.py:109} INFO - [2022-06-13 16:13:59,133] {dagbag.py:500} INFO - Filling up the DagBag from /opt/airflow/dags/etl_third_run.py
[2022-06-13 16:13:59,275] {processor.py:654} INFO - DAG(s) dict_keys(['etl_third_dag']) retrieved from /opt/airflow/dags/etl_third_run.py
[2022-06-13 16:13:59,301] {logging_mixin.py:109} INFO - [2022-06-13 16:13:59,301] {dag.py:2396} INFO - Sync 1 DAGs
[2022-06-13 16:13:59,351] {logging_mixin.py:109} INFO - [2022-06-13 16:13:59,351] {dag.py:2935} INFO - Setting next_dagrun for etl_third_dag to 2022-06-12 23:00:00+00:00
[2022-06-13 16:13:59,375] {processor.py:171} INFO - Processing /opt/airflow/dags/etl_third_run.py took 0.322 seconds
[2022-06-13 16:15:00,139] {processor.py:163} INFO - Started process (PID=408) to work on /opt/airflow/dags/etl_third_run.py
[2022-06-13 16:15:00,152] {processor.py:642} INFO - Processing file /opt/airflow/dags/etl_third_run.py for tasks to queue
[2022-06-13 16:15:00,154] {logging_mixin.py:109} INFO - [2022-06-13 16:15:00,153] {dagbag.py:500} INFO - Filling up the DagBag from /opt/airflow/dags/etl_third_run.py
[2022-06-13 16:15:00,223] {processor.py:654} INFO - DAG(s) dict_keys(['etl_third_dag']) retrieved from /opt/airflow/dags/etl_third_run.py
[2022-06-13 16:15:00,249] {logging_mixin.py:109} INFO - [2022-06-13 16:15:00,249] {dag.py:2396} INFO - Sync 1 DAGs
[2022-06-13 16:15:00,278] {logging_mixin.py:109} INFO - [2022-06-13 16:15:00,278] {dag.py:2935} INFO - Setting next_dagrun for etl_third_dag to 2022-06-12 23:00:00+00:00
[2022-06-13 16:15:00,304] {processor.py:171} INFO - Processing /opt/airflow/dags/etl_third_run.py took 0.178 seconds
[2022-06-13 16:16:01,226] {processor.py:163} INFO - Started process (PID=438) to work on /opt/airflow/dags/etl_third_run.py
[2022-06-13 16:16:01,233] {processor.py:642} INFO - Processing file /opt/airflow/dags/etl_third_run.py for tasks to queue
[2022-06-13 16:16:01,240] {logging_mixin.py:109} INFO - [2022-06-13 16:16:01,240] {dagbag.py:500} INFO - Filling up the DagBag from /opt/airflow/dags/etl_third_run.py
[2022-06-13 16:16:01,500] {processor.py:654} INFO - DAG(s) dict_keys(['etl_third_dag']) retrieved from /opt/airflow/dags/etl_third_run.py
[2022-06-13 16:16:01,541] {logging_mixin.py:109} INFO - [2022-06-13 16:16:01,540] {dag.py:2396} INFO - Sync 1 DAGs
[2022-06-13 16:16:01,644] {logging_mixin.py:109} INFO - [2022-06-13 16:16:01,644] {dag.py:2935} INFO - Setting next_dagrun for etl_third_dag to 2022-06-12 23:00:00+00:00
[2022-06-13 16:16:01,666] {processor.py:171} INFO - Processing /opt/airflow/dags/etl_third_run.py took 0.449 seconds
[2022-06-13 16:17:02,421] {processor.py:163} INFO - Started process (PID=477) to work on /opt/airflow/dags/etl_third_run.py
[2022-06-13 16:17:02,423] {processor.py:642} INFO - Processing file /opt/airflow/dags/etl_third_run.py for tasks to queue
[2022-06-13 16:17:02,425] {logging_mixin.py:109} INFO - [2022-06-13 16:17:02,424] {dagbag.py:500} INFO - Filling up the DagBag from /opt/airflow/dags/etl_third_run.py
[2022-06-13 16:17:02,485] {processor.py:654} INFO - DAG(s) dict_keys(['etl_third_dag']) retrieved from /opt/airflow/dags/etl_third_run.py
[2022-06-13 16:17:02,497] {logging_mixin.py:109} INFO - [2022-06-13 16:17:02,497] {dag.py:2396} INFO - Sync 1 DAGs
[2022-06-13 16:17:02,521] {logging_mixin.py:109} INFO - [2022-06-13 16:17:02,521] {dag.py:2935} INFO - Setting next_dagrun for etl_third_dag to 2022-06-12 23:00:00+00:00
[2022-06-13 16:17:02,532] {processor.py:171} INFO - Processing /opt/airflow/dags/etl_third_run.py took 0.136 seconds
[2022-06-13 16:18:04,597] {processor.py:163} INFO - Started process (PID=507) to work on /opt/airflow/dags/etl_third_run.py
[2022-06-13 16:18:04,625] {processor.py:642} INFO - Processing file /opt/airflow/dags/etl_third_run.py for tasks to queue
[2022-06-13 16:18:04,630] {logging_mixin.py:109} INFO - [2022-06-13 16:18:04,630] {dagbag.py:500} INFO - Filling up the DagBag from /opt/airflow/dags/etl_third_run.py
[2022-06-13 16:18:04,984] {processor.py:654} INFO - DAG(s) dict_keys(['etl_third_dag']) retrieved from /opt/airflow/dags/etl_third_run.py
[2022-06-13 16:18:05,132] {logging_mixin.py:109} INFO - [2022-06-13 16:18:05,128] {dag.py:2396} INFO - Sync 1 DAGs
[2022-06-13 16:18:05,302] {logging_mixin.py:109} INFO - [2022-06-13 16:18:05,302] {dag.py:2935} INFO - Setting next_dagrun for etl_third_dag to 2022-06-12 23:00:00+00:00
[2022-06-13 16:18:05,467] {processor.py:171} INFO - Processing /opt/airflow/dags/etl_third_run.py took 0.930 seconds
[2022-06-13 16:19:08,160] {processor.py:163} INFO - Started process (PID=536) to work on /opt/airflow/dags/etl_third_run.py
[2022-06-13 16:19:08,241] {processor.py:642} INFO - Processing file /opt/airflow/dags/etl_third_run.py for tasks to queue
[2022-06-13 16:19:08,253] {logging_mixin.py:109} INFO - [2022-06-13 16:19:08,253] {dagbag.py:500} INFO - Filling up the DagBag from /opt/airflow/dags/etl_third_run.py
[2022-06-13 16:19:09,103] {processor.py:654} INFO - DAG(s) dict_keys(['etl_third_dag']) retrieved from /opt/airflow/dags/etl_third_run.py
[2022-06-13 16:19:09,358] {logging_mixin.py:109} INFO - [2022-06-13 16:19:09,333] {dag.py:2396} INFO - Sync 1 DAGs
[2022-06-13 16:19:09,835] {logging_mixin.py:109} INFO - [2022-06-13 16:19:09,831] {dag.py:2935} INFO - Setting next_dagrun for etl_third_dag to 2022-06-12 23:00:00+00:00
[2022-06-13 16:19:10,089] {processor.py:171} INFO - Processing /opt/airflow/dags/etl_third_run.py took 1.968 seconds
[2022-06-13 16:20:11,050] {processor.py:163} INFO - Started process (PID=565) to work on /opt/airflow/dags/etl_third_run.py
[2022-06-13 16:20:11,059] {processor.py:642} INFO - Processing file /opt/airflow/dags/etl_third_run.py for tasks to queue
[2022-06-13 16:20:11,080] {logging_mixin.py:109} INFO - [2022-06-13 16:20:11,080] {dagbag.py:500} INFO - Filling up the DagBag from /opt/airflow/dags/etl_third_run.py
[2022-06-13 16:20:12,022] {processor.py:654} INFO - DAG(s) dict_keys(['etl_third_dag']) retrieved from /opt/airflow/dags/etl_third_run.py
[2022-06-13 16:20:12,452] {logging_mixin.py:109} INFO - [2022-06-13 16:20:12,449] {dag.py:2396} INFO - Sync 1 DAGs
[2022-06-13 16:20:12,843] {logging_mixin.py:109} INFO - [2022-06-13 16:20:12,843] {dag.py:2935} INFO - Setting next_dagrun for etl_third_dag to 2022-06-12 23:00:00+00:00
[2022-06-13 16:20:13,250] {processor.py:171} INFO - Processing /opt/airflow/dags/etl_third_run.py took 2.341 seconds
[2022-06-13 16:21:13,755] {processor.py:163} INFO - Started process (PID=603) to work on /opt/airflow/dags/etl_third_run.py
[2022-06-13 16:21:13,761] {processor.py:642} INFO - Processing file /opt/airflow/dags/etl_third_run.py for tasks to queue
[2022-06-13 16:21:13,763] {logging_mixin.py:109} INFO - [2022-06-13 16:21:13,763] {dagbag.py:500} INFO - Filling up the DagBag from /opt/airflow/dags/etl_third_run.py
[2022-06-13 16:21:13,843] {processor.py:654} INFO - DAG(s) dict_keys(['etl_third_dag']) retrieved from /opt/airflow/dags/etl_third_run.py
[2022-06-13 16:21:13,870] {logging_mixin.py:109} INFO - [2022-06-13 16:21:13,870] {dag.py:2396} INFO - Sync 1 DAGs
[2022-06-13 16:21:13,906] {logging_mixin.py:109} INFO - [2022-06-13 16:21:13,906] {dag.py:2935} INFO - Setting next_dagrun for etl_third_dag to 2022-06-12 23:00:00+00:00
[2022-06-13 16:21:13,917] {processor.py:171} INFO - Processing /opt/airflow/dags/etl_third_run.py took 0.173 seconds
[2022-06-13 16:22:14,414] {processor.py:163} INFO - Started process (PID=638) to work on /opt/airflow/dags/etl_third_run.py
[2022-06-13 16:22:14,416] {processor.py:642} INFO - Processing file /opt/airflow/dags/etl_third_run.py for tasks to queue
[2022-06-13 16:22:14,417] {logging_mixin.py:109} INFO - [2022-06-13 16:22:14,417] {dagbag.py:500} INFO - Filling up the DagBag from /opt/airflow/dags/etl_third_run.py
[2022-06-13 16:22:14,481] {processor.py:654} INFO - DAG(s) dict_keys(['etl_third_dag']) retrieved from /opt/airflow/dags/etl_third_run.py
[2022-06-13 16:22:14,497] {logging_mixin.py:109} INFO - [2022-06-13 16:22:14,497] {dag.py:2396} INFO - Sync 1 DAGs
[2022-06-13 16:22:14,538] {logging_mixin.py:109} INFO - [2022-06-13 16:22:14,538] {dag.py:2935} INFO - Setting next_dagrun for etl_third_dag to 2022-06-12 23:00:00+00:00
[2022-06-13 16:22:14,556] {processor.py:171} INFO - Processing /opt/airflow/dags/etl_third_run.py took 0.149 seconds
[2022-06-13 16:23:15,129] {processor.py:163} INFO - Started process (PID=676) to work on /opt/airflow/dags/etl_third_run.py
[2022-06-13 16:23:15,131] {processor.py:642} INFO - Processing file /opt/airflow/dags/etl_third_run.py for tasks to queue
[2022-06-13 16:23:15,133] {logging_mixin.py:109} INFO - [2022-06-13 16:23:15,133] {dagbag.py:500} INFO - Filling up the DagBag from /opt/airflow/dags/etl_third_run.py
[2022-06-13 16:23:15,295] {processor.py:654} INFO - DAG(s) dict_keys(['etl_third_dag']) retrieved from /opt/airflow/dags/etl_third_run.py
[2022-06-13 16:23:15,314] {logging_mixin.py:109} INFO - [2022-06-13 16:23:15,314] {dag.py:2396} INFO - Sync 1 DAGs
[2022-06-13 16:23:15,339] {logging_mixin.py:109} INFO - [2022-06-13 16:23:15,339] {dag.py:2935} INFO - Setting next_dagrun for etl_third_dag to 2022-06-12 23:00:00+00:00
[2022-06-13 16:23:15,365] {processor.py:171} INFO - Processing /opt/airflow/dags/etl_third_run.py took 0.245 seconds
[2022-06-13 16:24:15,892] {processor.py:163} INFO - Started process (PID=714) to work on /opt/airflow/dags/etl_third_run.py
[2022-06-13 16:24:15,900] {processor.py:642} INFO - Processing file /opt/airflow/dags/etl_third_run.py for tasks to queue
[2022-06-13 16:24:15,907] {logging_mixin.py:109} INFO - [2022-06-13 16:24:15,906] {dagbag.py:500} INFO - Filling up the DagBag from /opt/airflow/dags/etl_third_run.py
[2022-06-13 16:24:15,982] {processor.py:654} INFO - DAG(s) dict_keys(['etl_third_dag']) retrieved from /opt/airflow/dags/etl_third_run.py
[2022-06-13 16:24:16,001] {logging_mixin.py:109} INFO - [2022-06-13 16:24:16,000] {dag.py:2396} INFO - Sync 1 DAGs
[2022-06-13 16:24:16,032] {logging_mixin.py:109} INFO - [2022-06-13 16:24:16,032] {dag.py:2935} INFO - Setting next_dagrun for etl_third_dag to 2022-06-12 23:00:00+00:00
[2022-06-13 16:24:16,063] {processor.py:171} INFO - Processing /opt/airflow/dags/etl_third_run.py took 0.178 seconds
[2022-06-13 16:25:16,649] {processor.py:163} INFO - Started process (PID=751) to work on /opt/airflow/dags/etl_third_run.py
[2022-06-13 16:25:16,661] {processor.py:642} INFO - Processing file /opt/airflow/dags/etl_third_run.py for tasks to queue
[2022-06-13 16:25:16,662] {logging_mixin.py:109} INFO - [2022-06-13 16:25:16,662] {dagbag.py:500} INFO - Filling up the DagBag from /opt/airflow/dags/etl_third_run.py
[2022-06-13 16:25:16,754] {processor.py:654} INFO - DAG(s) dict_keys(['etl_third_dag']) retrieved from /opt/airflow/dags/etl_third_run.py
[2022-06-13 16:25:16,781] {logging_mixin.py:109} INFO - [2022-06-13 16:25:16,781] {dag.py:2396} INFO - Sync 1 DAGs
[2022-06-13 16:25:16,817] {logging_mixin.py:109} INFO - [2022-06-13 16:25:16,816] {dag.py:2935} INFO - Setting next_dagrun for etl_third_dag to 2022-06-12 23:00:00+00:00
[2022-06-13 16:25:16,830] {processor.py:171} INFO - Processing /opt/airflow/dags/etl_third_run.py took 0.185 seconds
[2022-06-13 16:26:17,095] {processor.py:163} INFO - Started process (PID=789) to work on /opt/airflow/dags/etl_third_run.py
[2022-06-13 16:26:17,098] {processor.py:642} INFO - Processing file /opt/airflow/dags/etl_third_run.py for tasks to queue
[2022-06-13 16:26:17,100] {logging_mixin.py:109} INFO - [2022-06-13 16:26:17,100] {dagbag.py:500} INFO - Filling up the DagBag from /opt/airflow/dags/etl_third_run.py
[2022-06-13 16:26:17,139] {processor.py:654} INFO - DAG(s) dict_keys(['etl_third_dag']) retrieved from /opt/airflow/dags/etl_third_run.py
[2022-06-13 16:26:17,149] {logging_mixin.py:109} INFO - [2022-06-13 16:26:17,149] {dag.py:2396} INFO - Sync 1 DAGs
[2022-06-13 16:26:17,167] {logging_mixin.py:109} INFO - [2022-06-13 16:26:17,167] {dag.py:2935} INFO - Setting next_dagrun for etl_third_dag to 2022-06-12 23:00:00+00:00
[2022-06-13 16:26:17,177] {processor.py:171} INFO - Processing /opt/airflow/dags/etl_third_run.py took 0.091 seconds
[2022-06-13 16:27:17,681] {processor.py:163} INFO - Started process (PID=830) to work on /opt/airflow/dags/etl_third_run.py
[2022-06-13 16:27:17,702] {processor.py:642} INFO - Processing file /opt/airflow/dags/etl_third_run.py for tasks to queue
[2022-06-13 16:27:17,703] {logging_mixin.py:109} INFO - [2022-06-13 16:27:17,703] {dagbag.py:500} INFO - Filling up the DagBag from /opt/airflow/dags/etl_third_run.py
[2022-06-13 16:27:17,783] {processor.py:654} INFO - DAG(s) dict_keys(['etl_third_dag']) retrieved from /opt/airflow/dags/etl_third_run.py
[2022-06-13 16:27:17,804] {logging_mixin.py:109} INFO - [2022-06-13 16:27:17,802] {dag.py:2396} INFO - Sync 1 DAGs
[2022-06-13 16:27:17,859] {logging_mixin.py:109} INFO - [2022-06-13 16:27:17,859] {dag.py:2935} INFO - Setting next_dagrun for etl_third_dag to 2022-06-12 23:00:00+00:00
[2022-06-13 16:27:17,929] {processor.py:171} INFO - Processing /opt/airflow/dags/etl_third_run.py took 0.253 seconds
[2022-06-13 16:28:18,368] {processor.py:163} INFO - Started process (PID=874) to work on /opt/airflow/dags/etl_third_run.py
[2022-06-13 16:28:18,390] {processor.py:642} INFO - Processing file /opt/airflow/dags/etl_third_run.py for tasks to queue
[2022-06-13 16:28:18,400] {logging_mixin.py:109} INFO - [2022-06-13 16:28:18,392] {dagbag.py:500} INFO - Filling up the DagBag from /opt/airflow/dags/etl_third_run.py
[2022-06-13 16:28:18,499] {processor.py:654} INFO - DAG(s) dict_keys(['etl_third_dag']) retrieved from /opt/airflow/dags/etl_third_run.py
[2022-06-13 16:28:18,551] {logging_mixin.py:109} INFO - [2022-06-13 16:28:18,541] {dag.py:2396} INFO - Sync 1 DAGs
[2022-06-13 16:28:18,595] {logging_mixin.py:109} INFO - [2022-06-13 16:28:18,595] {dag.py:2935} INFO - Setting next_dagrun for etl_third_dag to 2022-06-12 23:00:00+00:00
[2022-06-13 16:28:18,664] {processor.py:171} INFO - Processing /opt/airflow/dags/etl_third_run.py took 0.319 seconds
[2022-06-13 16:29:18,938] {processor.py:163} INFO - Started process (PID=915) to work on /opt/airflow/dags/etl_third_run.py
[2022-06-13 16:29:18,949] {processor.py:642} INFO - Processing file /opt/airflow/dags/etl_third_run.py for tasks to queue
[2022-06-13 16:29:18,951] {logging_mixin.py:109} INFO - [2022-06-13 16:29:18,950] {dagbag.py:500} INFO - Filling up the DagBag from /opt/airflow/dags/etl_third_run.py
[2022-06-13 16:29:19,037] {processor.py:654} INFO - DAG(s) dict_keys(['etl_third_dag']) retrieved from /opt/airflow/dags/etl_third_run.py
[2022-06-13 16:29:19,054] {logging_mixin.py:109} INFO - [2022-06-13 16:29:19,053] {dag.py:2396} INFO - Sync 1 DAGs
[2022-06-13 16:29:19,114] {logging_mixin.py:109} INFO - [2022-06-13 16:29:19,114] {dag.py:2935} INFO - Setting next_dagrun for etl_third_dag to 2022-06-12 23:00:00+00:00
[2022-06-13 16:29:19,134] {processor.py:171} INFO - Processing /opt/airflow/dags/etl_third_run.py took 0.201 seconds
[2022-06-13 16:30:19,421] {processor.py:163} INFO - Started process (PID=953) to work on /opt/airflow/dags/etl_third_run.py
[2022-06-13 16:30:19,432] {processor.py:642} INFO - Processing file /opt/airflow/dags/etl_third_run.py for tasks to queue
[2022-06-13 16:30:19,437] {logging_mixin.py:109} INFO - [2022-06-13 16:30:19,437] {dagbag.py:500} INFO - Filling up the DagBag from /opt/airflow/dags/etl_third_run.py
[2022-06-13 16:30:19,545] {processor.py:654} INFO - DAG(s) dict_keys(['etl_third_dag']) retrieved from /opt/airflow/dags/etl_third_run.py
[2022-06-13 16:30:19,564] {logging_mixin.py:109} INFO - [2022-06-13 16:30:19,564] {dag.py:2396} INFO - Sync 1 DAGs
[2022-06-13 16:30:19,638] {logging_mixin.py:109} INFO - [2022-06-13 16:30:19,638] {dag.py:2935} INFO - Setting next_dagrun for etl_third_dag to 2022-06-12 23:00:00+00:00
[2022-06-13 16:30:19,723] {processor.py:171} INFO - Processing /opt/airflow/dags/etl_third_run.py took 0.333 seconds
[2022-06-13 16:31:20,039] {processor.py:163} INFO - Started process (PID=991) to work on /opt/airflow/dags/etl_third_run.py
[2022-06-13 16:31:20,041] {processor.py:642} INFO - Processing file /opt/airflow/dags/etl_third_run.py for tasks to queue
[2022-06-13 16:31:20,042] {logging_mixin.py:109} INFO - [2022-06-13 16:31:20,042] {dagbag.py:500} INFO - Filling up the DagBag from /opt/airflow/dags/etl_third_run.py
[2022-06-13 16:31:20,109] {processor.py:654} INFO - DAG(s) dict_keys(['etl_third_dag']) retrieved from /opt/airflow/dags/etl_third_run.py
[2022-06-13 16:31:20,119] {logging_mixin.py:109} INFO - [2022-06-13 16:31:20,119] {dag.py:2396} INFO - Sync 1 DAGs
[2022-06-13 16:31:20,137] {logging_mixin.py:109} INFO - [2022-06-13 16:31:20,137] {dag.py:2935} INFO - Setting next_dagrun for etl_third_dag to 2022-06-12 23:00:00+00:00
[2022-06-13 16:31:20,147] {processor.py:171} INFO - Processing /opt/airflow/dags/etl_third_run.py took 0.117 seconds
[2022-06-13 16:32:20,574] {processor.py:163} INFO - Started process (PID=1030) to work on /opt/airflow/dags/etl_third_run.py
[2022-06-13 16:32:20,577] {processor.py:642} INFO - Processing file /opt/airflow/dags/etl_third_run.py for tasks to queue
[2022-06-13 16:32:20,578] {logging_mixin.py:109} INFO - [2022-06-13 16:32:20,578] {dagbag.py:500} INFO - Filling up the DagBag from /opt/airflow/dags/etl_third_run.py
[2022-06-13 16:32:20,615] {processor.py:654} INFO - DAG(s) dict_keys(['etl_third_dag']) retrieved from /opt/airflow/dags/etl_third_run.py
[2022-06-13 16:32:20,626] {logging_mixin.py:109} INFO - [2022-06-13 16:32:20,626] {dag.py:2396} INFO - Sync 1 DAGs
[2022-06-13 16:32:20,651] {logging_mixin.py:109} INFO - [2022-06-13 16:32:20,651] {dag.py:2935} INFO - Setting next_dagrun for etl_third_dag to 2022-06-12 23:00:00+00:00
[2022-06-13 16:32:20,670] {processor.py:171} INFO - Processing /opt/airflow/dags/etl_third_run.py took 0.101 seconds
[2022-06-13 16:33:21,167] {processor.py:163} INFO - Started process (PID=1069) to work on /opt/airflow/dags/etl_third_run.py
[2022-06-13 16:33:21,169] {processor.py:642} INFO - Processing file /opt/airflow/dags/etl_third_run.py for tasks to queue
[2022-06-13 16:33:21,170] {logging_mixin.py:109} INFO - [2022-06-13 16:33:21,170] {dagbag.py:500} INFO - Filling up the DagBag from /opt/airflow/dags/etl_third_run.py
[2022-06-13 16:33:21,216] {processor.py:654} INFO - DAG(s) dict_keys(['etl_third_dag']) retrieved from /opt/airflow/dags/etl_third_run.py
[2022-06-13 16:33:21,232] {logging_mixin.py:109} INFO - [2022-06-13 16:33:21,232] {dag.py:2396} INFO - Sync 1 DAGs
[2022-06-13 16:33:21,261] {logging_mixin.py:109} INFO - [2022-06-13 16:33:21,260] {dag.py:2935} INFO - Setting next_dagrun for etl_third_dag to 2022-06-12 23:00:00+00:00
[2022-06-13 16:33:21,275] {processor.py:171} INFO - Processing /opt/airflow/dags/etl_third_run.py took 0.115 seconds
[2022-06-13 16:34:21,831] {processor.py:163} INFO - Started process (PID=1109) to work on /opt/airflow/dags/etl_third_run.py
[2022-06-13 16:34:21,836] {processor.py:642} INFO - Processing file /opt/airflow/dags/etl_third_run.py for tasks to queue
[2022-06-13 16:34:21,837] {logging_mixin.py:109} INFO - [2022-06-13 16:34:21,837] {dagbag.py:500} INFO - Filling up the DagBag from /opt/airflow/dags/etl_third_run.py
[2022-06-13 16:34:21,881] {processor.py:654} INFO - DAG(s) dict_keys(['etl_third_dag']) retrieved from /opt/airflow/dags/etl_third_run.py
[2022-06-13 16:34:21,893] {logging_mixin.py:109} INFO - [2022-06-13 16:34:21,892] {dag.py:2396} INFO - Sync 1 DAGs
[2022-06-13 16:34:21,934] {logging_mixin.py:109} INFO - [2022-06-13 16:34:21,934] {dag.py:2935} INFO - Setting next_dagrun for etl_third_dag to 2022-06-12 23:00:00+00:00
[2022-06-13 16:34:21,953] {processor.py:171} INFO - Processing /opt/airflow/dags/etl_third_run.py took 0.127 seconds
[2022-06-13 16:35:22,344] {processor.py:163} INFO - Started process (PID=1155) to work on /opt/airflow/dags/etl_third_run.py
[2022-06-13 16:35:22,349] {processor.py:642} INFO - Processing file /opt/airflow/dags/etl_third_run.py for tasks to queue
[2022-06-13 16:35:22,350] {logging_mixin.py:109} INFO - [2022-06-13 16:35:22,350] {dagbag.py:500} INFO - Filling up the DagBag from /opt/airflow/dags/etl_third_run.py
[2022-06-13 16:35:22,458] {processor.py:654} INFO - DAG(s) dict_keys(['etl_third_dag']) retrieved from /opt/airflow/dags/etl_third_run.py
[2022-06-13 16:35:22,489] {logging_mixin.py:109} INFO - [2022-06-13 16:35:22,489] {dag.py:2396} INFO - Sync 1 DAGs
[2022-06-13 16:35:22,564] {logging_mixin.py:109} INFO - [2022-06-13 16:35:22,564] {dag.py:2935} INFO - Setting next_dagrun for etl_third_dag to 2022-06-12 23:00:00+00:00
[2022-06-13 16:35:22,605] {processor.py:171} INFO - Processing /opt/airflow/dags/etl_third_run.py took 0.279 seconds
[2022-06-13 16:36:23,039] {processor.py:163} INFO - Started process (PID=1194) to work on /opt/airflow/dags/etl_third_run.py
[2022-06-13 16:36:23,073] {processor.py:642} INFO - Processing file /opt/airflow/dags/etl_third_run.py for tasks to queue
[2022-06-13 16:36:23,080] {logging_mixin.py:109} INFO - [2022-06-13 16:36:23,080] {dagbag.py:500} INFO - Filling up the DagBag from /opt/airflow/dags/etl_third_run.py
[2022-06-13 16:36:23,192] {processor.py:654} INFO - DAG(s) dict_keys(['etl_third_dag']) retrieved from /opt/airflow/dags/etl_third_run.py
[2022-06-13 16:36:23,228] {logging_mixin.py:109} INFO - [2022-06-13 16:36:23,228] {dag.py:2396} INFO - Sync 1 DAGs
[2022-06-13 16:36:23,275] {logging_mixin.py:109} INFO - [2022-06-13 16:36:23,275] {dag.py:2935} INFO - Setting next_dagrun for etl_third_dag to 2022-06-12 23:00:00+00:00
[2022-06-13 16:36:23,307] {processor.py:171} INFO - Processing /opt/airflow/dags/etl_third_run.py took 0.288 seconds
[2022-06-13 16:37:23,739] {processor.py:163} INFO - Started process (PID=1233) to work on /opt/airflow/dags/etl_third_run.py
[2022-06-13 16:37:23,750] {processor.py:642} INFO - Processing file /opt/airflow/dags/etl_third_run.py for tasks to queue
[2022-06-13 16:37:23,751] {logging_mixin.py:109} INFO - [2022-06-13 16:37:23,750] {dagbag.py:500} INFO - Filling up the DagBag from /opt/airflow/dags/etl_third_run.py
[2022-06-13 16:37:23,879] {processor.py:654} INFO - DAG(s) dict_keys(['etl_third_dag']) retrieved from /opt/airflow/dags/etl_third_run.py
[2022-06-13 16:37:23,909] {logging_mixin.py:109} INFO - [2022-06-13 16:37:23,909] {dag.py:2396} INFO - Sync 1 DAGs
[2022-06-13 16:37:23,964] {logging_mixin.py:109} INFO - [2022-06-13 16:37:23,964] {dag.py:2935} INFO - Setting next_dagrun for etl_third_dag to 2022-06-12 23:00:00+00:00
[2022-06-13 16:37:23,997] {processor.py:171} INFO - Processing /opt/airflow/dags/etl_third_run.py took 0.263 seconds
[2022-06-13 16:38:24,381] {processor.py:163} INFO - Started process (PID=1270) to work on /opt/airflow/dags/etl_third_run.py
[2022-06-13 16:38:24,384] {processor.py:642} INFO - Processing file /opt/airflow/dags/etl_third_run.py for tasks to queue
[2022-06-13 16:38:24,385] {logging_mixin.py:109} INFO - [2022-06-13 16:38:24,385] {dagbag.py:500} INFO - Filling up the DagBag from /opt/airflow/dags/etl_third_run.py
[2022-06-13 16:38:24,452] {processor.py:654} INFO - DAG(s) dict_keys(['etl_third_dag']) retrieved from /opt/airflow/dags/etl_third_run.py
[2022-06-13 16:38:24,463] {logging_mixin.py:109} INFO - [2022-06-13 16:38:24,463] {dag.py:2396} INFO - Sync 1 DAGs
[2022-06-13 16:38:24,491] {logging_mixin.py:109} INFO - [2022-06-13 16:38:24,491] {dag.py:2935} INFO - Setting next_dagrun for etl_third_dag to 2022-06-12 23:00:00+00:00
[2022-06-13 16:38:24,549] {processor.py:171} INFO - Processing /opt/airflow/dags/etl_third_run.py took 0.173 seconds
[2022-06-13 16:39:24,936] {processor.py:163} INFO - Started process (PID=1309) to work on /opt/airflow/dags/etl_third_run.py
[2022-06-13 16:39:24,939] {processor.py:642} INFO - Processing file /opt/airflow/dags/etl_third_run.py for tasks to queue
[2022-06-13 16:39:24,940] {logging_mixin.py:109} INFO - [2022-06-13 16:39:24,939] {dagbag.py:500} INFO - Filling up the DagBag from /opt/airflow/dags/etl_third_run.py
[2022-06-13 16:39:24,983] {processor.py:654} INFO - DAG(s) dict_keys(['etl_third_dag']) retrieved from /opt/airflow/dags/etl_third_run.py
[2022-06-13 16:39:25,004] {logging_mixin.py:109} INFO - [2022-06-13 16:39:25,003] {dag.py:2396} INFO - Sync 1 DAGs
[2022-06-13 16:39:25,079] {logging_mixin.py:109} INFO - [2022-06-13 16:39:25,079] {dag.py:2935} INFO - Setting next_dagrun for etl_third_dag to 2022-06-12 23:00:00+00:00
[2022-06-13 16:39:25,092] {processor.py:171} INFO - Processing /opt/airflow/dags/etl_third_run.py took 0.161 seconds
[2022-06-13 16:40:25,453] {processor.py:163} INFO - Started process (PID=1348) to work on /opt/airflow/dags/etl_third_run.py
[2022-06-13 16:40:25,460] {processor.py:642} INFO - Processing file /opt/airflow/dags/etl_third_run.py for tasks to queue
[2022-06-13 16:40:25,461] {logging_mixin.py:109} INFO - [2022-06-13 16:40:25,461] {dagbag.py:500} INFO - Filling up the DagBag from /opt/airflow/dags/etl_third_run.py
[2022-06-13 16:40:25,566] {processor.py:654} INFO - DAG(s) dict_keys(['etl_third_dag']) retrieved from /opt/airflow/dags/etl_third_run.py
[2022-06-13 16:40:25,581] {logging_mixin.py:109} INFO - [2022-06-13 16:40:25,581] {dag.py:2396} INFO - Sync 1 DAGs
[2022-06-13 16:40:25,606] {logging_mixin.py:109} INFO - [2022-06-13 16:40:25,606] {dag.py:2935} INFO - Setting next_dagrun for etl_third_dag to 2022-06-12 23:00:00+00:00
[2022-06-13 16:40:25,618] {processor.py:171} INFO - Processing /opt/airflow/dags/etl_third_run.py took 0.169 seconds
[2022-06-13 16:41:26,045] {processor.py:163} INFO - Started process (PID=1394) to work on /opt/airflow/dags/etl_third_run.py
[2022-06-13 16:41:26,047] {processor.py:642} INFO - Processing file /opt/airflow/dags/etl_third_run.py for tasks to queue
[2022-06-13 16:41:26,048] {logging_mixin.py:109} INFO - [2022-06-13 16:41:26,048] {dagbag.py:500} INFO - Filling up the DagBag from /opt/airflow/dags/etl_third_run.py
[2022-06-13 16:41:26,089] {processor.py:654} INFO - DAG(s) dict_keys(['etl_third_dag']) retrieved from /opt/airflow/dags/etl_third_run.py
[2022-06-13 16:41:26,110] {logging_mixin.py:109} INFO - [2022-06-13 16:41:26,110] {dag.py:2396} INFO - Sync 1 DAGs
[2022-06-13 16:41:26,139] {logging_mixin.py:109} INFO - [2022-06-13 16:41:26,139] {dag.py:2935} INFO - Setting next_dagrun for etl_third_dag to 2022-06-12 23:00:00+00:00
[2022-06-13 16:41:26,153] {processor.py:171} INFO - Processing /opt/airflow/dags/etl_third_run.py took 0.113 seconds
[2022-06-13 16:42:26,431] {processor.py:163} INFO - Started process (PID=1435) to work on /opt/airflow/dags/etl_third_run.py
[2022-06-13 16:42:26,438] {processor.py:642} INFO - Processing file /opt/airflow/dags/etl_third_run.py for tasks to queue
[2022-06-13 16:42:26,441] {logging_mixin.py:109} INFO - [2022-06-13 16:42:26,440] {dagbag.py:500} INFO - Filling up the DagBag from /opt/airflow/dags/etl_third_run.py
[2022-06-13 16:42:26,503] {processor.py:654} INFO - DAG(s) dict_keys(['etl_third_dag']) retrieved from /opt/airflow/dags/etl_third_run.py
[2022-06-13 16:42:26,518] {logging_mixin.py:109} INFO - [2022-06-13 16:42:26,518] {dag.py:2396} INFO - Sync 1 DAGs
[2022-06-13 16:42:26,549] {logging_mixin.py:109} INFO - [2022-06-13 16:42:26,548] {dag.py:2935} INFO - Setting next_dagrun for etl_third_dag to 2022-06-12 23:00:00+00:00
[2022-06-13 16:42:26,560] {processor.py:171} INFO - Processing /opt/airflow/dags/etl_third_run.py took 0.135 seconds
[2022-06-13 16:43:26,976] {processor.py:163} INFO - Started process (PID=1473) to work on /opt/airflow/dags/etl_third_run.py
[2022-06-13 16:43:26,980] {processor.py:642} INFO - Processing file /opt/airflow/dags/etl_third_run.py for tasks to queue
[2022-06-13 16:43:26,982] {logging_mixin.py:109} INFO - [2022-06-13 16:43:26,982] {dagbag.py:500} INFO - Filling up the DagBag from /opt/airflow/dags/etl_third_run.py
[2022-06-13 16:43:27,016] {processor.py:654} INFO - DAG(s) dict_keys(['etl_third_dag']) retrieved from /opt/airflow/dags/etl_third_run.py
[2022-06-13 16:43:27,026] {logging_mixin.py:109} INFO - [2022-06-13 16:43:27,026] {dag.py:2396} INFO - Sync 1 DAGs
[2022-06-13 16:43:27,043] {logging_mixin.py:109} INFO - [2022-06-13 16:43:27,043] {dag.py:2935} INFO - Setting next_dagrun for etl_third_dag to 2022-06-12 23:00:00+00:00
[2022-06-13 16:43:27,052] {processor.py:171} INFO - Processing /opt/airflow/dags/etl_third_run.py took 0.087 seconds
[2022-06-13 16:44:27,633] {processor.py:163} INFO - Started process (PID=1511) to work on /opt/airflow/dags/etl_third_run.py
[2022-06-13 16:44:27,637] {processor.py:642} INFO - Processing file /opt/airflow/dags/etl_third_run.py for tasks to queue
[2022-06-13 16:44:27,639] {logging_mixin.py:109} INFO - [2022-06-13 16:44:27,639] {dagbag.py:500} INFO - Filling up the DagBag from /opt/airflow/dags/etl_third_run.py
[2022-06-13 16:44:27,693] {processor.py:654} INFO - DAG(s) dict_keys(['etl_third_dag']) retrieved from /opt/airflow/dags/etl_third_run.py
[2022-06-13 16:44:27,721] {logging_mixin.py:109} INFO - [2022-06-13 16:44:27,721] {dag.py:2396} INFO - Sync 1 DAGs
[2022-06-13 16:44:27,752] {logging_mixin.py:109} INFO - [2022-06-13 16:44:27,752] {dag.py:2935} INFO - Setting next_dagrun for etl_third_dag to 2022-06-12 23:00:00+00:00
[2022-06-13 16:44:27,762] {processor.py:171} INFO - Processing /opt/airflow/dags/etl_third_run.py took 0.140 seconds
[2022-06-13 16:45:28,058] {processor.py:163} INFO - Started process (PID=1549) to work on /opt/airflow/dags/etl_third_run.py
[2022-06-13 16:45:28,063] {processor.py:642} INFO - Processing file /opt/airflow/dags/etl_third_run.py for tasks to queue
[2022-06-13 16:45:28,065] {logging_mixin.py:109} INFO - [2022-06-13 16:45:28,065] {dagbag.py:500} INFO - Filling up the DagBag from /opt/airflow/dags/etl_third_run.py
[2022-06-13 16:45:28,102] {processor.py:654} INFO - DAG(s) dict_keys(['etl_third_dag']) retrieved from /opt/airflow/dags/etl_third_run.py
[2022-06-13 16:45:28,112] {logging_mixin.py:109} INFO - [2022-06-13 16:45:28,111] {dag.py:2396} INFO - Sync 1 DAGs
[2022-06-13 16:45:28,129] {logging_mixin.py:109} INFO - [2022-06-13 16:45:28,129] {dag.py:2935} INFO - Setting next_dagrun for etl_third_dag to 2022-06-12 23:00:00+00:00
[2022-06-13 16:45:28,141] {processor.py:171} INFO - Processing /opt/airflow/dags/etl_third_run.py took 0.094 seconds
[2022-06-13 16:46:28,763] {processor.py:163} INFO - Started process (PID=1597) to work on /opt/airflow/dags/etl_third_run.py
[2022-06-13 16:46:28,767] {processor.py:642} INFO - Processing file /opt/airflow/dags/etl_third_run.py for tasks to queue
[2022-06-13 16:46:28,769] {logging_mixin.py:109} INFO - [2022-06-13 16:46:28,768] {dagbag.py:500} INFO - Filling up the DagBag from /opt/airflow/dags/etl_third_run.py
[2022-06-13 16:46:28,812] {processor.py:654} INFO - DAG(s) dict_keys(['etl_third_dag']) retrieved from /opt/airflow/dags/etl_third_run.py
[2022-06-13 16:46:28,825] {logging_mixin.py:109} INFO - [2022-06-13 16:46:28,825] {dag.py:2396} INFO - Sync 1 DAGs
[2022-06-13 16:46:28,849] {logging_mixin.py:109} INFO - [2022-06-13 16:46:28,849] {dag.py:2935} INFO - Setting next_dagrun for etl_third_dag to 2022-06-12 23:00:00+00:00
[2022-06-13 16:46:28,909] {processor.py:171} INFO - Processing /opt/airflow/dags/etl_third_run.py took 0.156 seconds
[2022-06-13 16:47:29,339] {processor.py:163} INFO - Started process (PID=1635) to work on /opt/airflow/dags/etl_third_run.py
[2022-06-13 16:47:29,343] {processor.py:642} INFO - Processing file /opt/airflow/dags/etl_third_run.py for tasks to queue
[2022-06-13 16:47:29,345] {logging_mixin.py:109} INFO - [2022-06-13 16:47:29,345] {dagbag.py:500} INFO - Filling up the DagBag from /opt/airflow/dags/etl_third_run.py
[2022-06-13 16:47:29,381] {processor.py:654} INFO - DAG(s) dict_keys(['etl_third_dag']) retrieved from /opt/airflow/dags/etl_third_run.py
[2022-06-13 16:47:29,391] {logging_mixin.py:109} INFO - [2022-06-13 16:47:29,391] {dag.py:2396} INFO - Sync 1 DAGs
[2022-06-13 16:47:29,414] {logging_mixin.py:109} INFO - [2022-06-13 16:47:29,414] {dag.py:2935} INFO - Setting next_dagrun for etl_third_dag to 2022-06-12 23:00:00+00:00
[2022-06-13 16:47:29,426] {processor.py:171} INFO - Processing /opt/airflow/dags/etl_third_run.py took 0.097 seconds
[2022-06-13 16:48:29,994] {processor.py:163} INFO - Started process (PID=1672) to work on /opt/airflow/dags/etl_third_run.py
[2022-06-13 16:48:30,005] {processor.py:642} INFO - Processing file /opt/airflow/dags/etl_third_run.py for tasks to queue
[2022-06-13 16:48:30,010] {logging_mixin.py:109} INFO - [2022-06-13 16:48:30,010] {dagbag.py:500} INFO - Filling up the DagBag from /opt/airflow/dags/etl_third_run.py
[2022-06-13 16:48:30,135] {processor.py:654} INFO - DAG(s) dict_keys(['etl_third_dag']) retrieved from /opt/airflow/dags/etl_third_run.py
[2022-06-13 16:48:30,170] {logging_mixin.py:109} INFO - [2022-06-13 16:48:30,170] {dag.py:2396} INFO - Sync 1 DAGs
[2022-06-13 16:48:30,195] {logging_mixin.py:109} INFO - [2022-06-13 16:48:30,195] {dag.py:2935} INFO - Setting next_dagrun for etl_third_dag to 2022-06-12 23:00:00+00:00
[2022-06-13 16:48:30,208] {processor.py:171} INFO - Processing /opt/airflow/dags/etl_third_run.py took 0.229 seconds
[2022-06-13 16:49:30,624] {processor.py:163} INFO - Started process (PID=1711) to work on /opt/airflow/dags/etl_third_run.py
[2022-06-13 16:49:30,628] {processor.py:642} INFO - Processing file /opt/airflow/dags/etl_third_run.py for tasks to queue
[2022-06-13 16:49:30,630] {logging_mixin.py:109} INFO - [2022-06-13 16:49:30,629] {dagbag.py:500} INFO - Filling up the DagBag from /opt/airflow/dags/etl_third_run.py
[2022-06-13 16:49:30,693] {processor.py:654} INFO - DAG(s) dict_keys(['etl_third_dag']) retrieved from /opt/airflow/dags/etl_third_run.py
[2022-06-13 16:49:30,707] {logging_mixin.py:109} INFO - [2022-06-13 16:49:30,707] {dag.py:2396} INFO - Sync 1 DAGs
[2022-06-13 16:49:30,749] {logging_mixin.py:109} INFO - [2022-06-13 16:49:30,749] {dag.py:2935} INFO - Setting next_dagrun for etl_third_dag to 2022-06-12 23:00:00+00:00
[2022-06-13 16:49:30,768] {processor.py:171} INFO - Processing /opt/airflow/dags/etl_third_run.py took 0.151 seconds
[2022-06-13 16:50:31,302] {processor.py:163} INFO - Started process (PID=1748) to work on /opt/airflow/dags/etl_third_run.py
[2022-06-13 16:50:31,305] {processor.py:642} INFO - Processing file /opt/airflow/dags/etl_third_run.py for tasks to queue
[2022-06-13 16:50:31,306] {logging_mixin.py:109} INFO - [2022-06-13 16:50:31,306] {dagbag.py:500} INFO - Filling up the DagBag from /opt/airflow/dags/etl_third_run.py
[2022-06-13 16:50:31,343] {processor.py:654} INFO - DAG(s) dict_keys(['etl_third_dag']) retrieved from /opt/airflow/dags/etl_third_run.py
[2022-06-13 16:50:31,355] {logging_mixin.py:109} INFO - [2022-06-13 16:50:31,355] {dag.py:2396} INFO - Sync 1 DAGs
[2022-06-13 16:50:31,426] {logging_mixin.py:109} INFO - [2022-06-13 16:50:31,426] {dag.py:2935} INFO - Setting next_dagrun for etl_third_dag to 2022-06-12 23:00:00+00:00
[2022-06-13 16:50:31,457] {processor.py:171} INFO - Processing /opt/airflow/dags/etl_third_run.py took 0.169 seconds
[2022-06-13 16:51:32,034] {processor.py:163} INFO - Started process (PID=1795) to work on /opt/airflow/dags/etl_third_run.py
[2022-06-13 16:51:32,045] {processor.py:642} INFO - Processing file /opt/airflow/dags/etl_third_run.py for tasks to queue
[2022-06-13 16:51:32,047] {logging_mixin.py:109} INFO - [2022-06-13 16:51:32,046] {dagbag.py:500} INFO - Filling up the DagBag from /opt/airflow/dags/etl_third_run.py
[2022-06-13 16:51:32,181] {processor.py:654} INFO - DAG(s) dict_keys(['etl_third_dag']) retrieved from /opt/airflow/dags/etl_third_run.py
[2022-06-13 16:51:32,228] {logging_mixin.py:109} INFO - [2022-06-13 16:51:32,228] {dag.py:2396} INFO - Sync 1 DAGs
[2022-06-13 16:51:32,276] {logging_mixin.py:109} INFO - [2022-06-13 16:51:32,276] {dag.py:2935} INFO - Setting next_dagrun for etl_third_dag to 2022-06-12 23:00:00+00:00
[2022-06-13 16:51:32,323] {processor.py:171} INFO - Processing /opt/airflow/dags/etl_third_run.py took 0.301 seconds
[2022-06-13 16:52:32,669] {processor.py:163} INFO - Started process (PID=1832) to work on /opt/airflow/dags/etl_third_run.py
[2022-06-13 16:52:32,671] {processor.py:642} INFO - Processing file /opt/airflow/dags/etl_third_run.py for tasks to queue
[2022-06-13 16:52:32,672] {logging_mixin.py:109} INFO - [2022-06-13 16:52:32,672] {dagbag.py:500} INFO - Filling up the DagBag from /opt/airflow/dags/etl_third_run.py
[2022-06-13 16:52:32,753] {processor.py:654} INFO - DAG(s) dict_keys(['etl_third_dag']) retrieved from /opt/airflow/dags/etl_third_run.py
[2022-06-13 16:52:32,783] {logging_mixin.py:109} INFO - [2022-06-13 16:52:32,783] {dag.py:2396} INFO - Sync 1 DAGs
[2022-06-13 16:52:32,838] {logging_mixin.py:109} INFO - [2022-06-13 16:52:32,838] {dag.py:2935} INFO - Setting next_dagrun for etl_third_dag to 2022-06-12 23:00:00+00:00
[2022-06-13 16:52:32,876] {processor.py:171} INFO - Processing /opt/airflow/dags/etl_third_run.py took 0.222 seconds
[2022-06-13 16:56:09,891] {processor.py:163} INFO - Started process (PID=1873) to work on /opt/airflow/dags/etl_third_run.py
[2022-06-13 16:56:09,893] {processor.py:642} INFO - Processing file /opt/airflow/dags/etl_third_run.py for tasks to queue
[2022-06-13 16:56:09,894] {logging_mixin.py:109} INFO - [2022-06-13 16:56:09,893] {dagbag.py:500} INFO - Filling up the DagBag from /opt/airflow/dags/etl_third_run.py
[2022-06-13 16:56:09,925] {processor.py:654} INFO - DAG(s) dict_keys(['etl_third_dag']) retrieved from /opt/airflow/dags/etl_third_run.py
[2022-06-13 16:56:09,935] {logging_mixin.py:109} INFO - [2022-06-13 16:56:09,935] {dag.py:2396} INFO - Sync 1 DAGs
[2022-06-13 16:56:09,951] {logging_mixin.py:109} INFO - [2022-06-13 16:56:09,950] {dag.py:2935} INFO - Setting next_dagrun for etl_third_dag to 2022-06-12 23:00:00+00:00
[2022-06-13 16:56:09,970] {processor.py:171} INFO - Processing /opt/airflow/dags/etl_third_run.py took 0.083 seconds
[2022-06-13 16:57:12,068] {processor.py:163} INFO - Started process (PID=1917) to work on /opt/airflow/dags/etl_third_run.py
[2022-06-13 16:57:12,070] {processor.py:642} INFO - Processing file /opt/airflow/dags/etl_third_run.py for tasks to queue
[2022-06-13 16:57:12,071] {logging_mixin.py:109} INFO - [2022-06-13 16:57:12,071] {dagbag.py:500} INFO - Filling up the DagBag from /opt/airflow/dags/etl_third_run.py
[2022-06-13 16:57:12,118] {processor.py:654} INFO - DAG(s) dict_keys(['etl_third_dag']) retrieved from /opt/airflow/dags/etl_third_run.py
[2022-06-13 16:57:12,140] {logging_mixin.py:109} INFO - [2022-06-13 16:57:12,140] {dag.py:2396} INFO - Sync 1 DAGs
[2022-06-13 16:57:12,163] {logging_mixin.py:109} INFO - [2022-06-13 16:57:12,163] {dag.py:2935} INFO - Setting next_dagrun for etl_third_dag to 2022-06-12 23:00:00+00:00
[2022-06-13 16:57:12,172] {processor.py:171} INFO - Processing /opt/airflow/dags/etl_third_run.py took 0.109 seconds
[2022-06-13 16:58:12,656] {processor.py:163} INFO - Started process (PID=1958) to work on /opt/airflow/dags/etl_third_run.py
[2022-06-13 16:58:12,658] {processor.py:642} INFO - Processing file /opt/airflow/dags/etl_third_run.py for tasks to queue
[2022-06-13 16:58:12,659] {logging_mixin.py:109} INFO - [2022-06-13 16:58:12,658] {dagbag.py:500} INFO - Filling up the DagBag from /opt/airflow/dags/etl_third_run.py
[2022-06-13 16:58:12,695] {processor.py:654} INFO - DAG(s) dict_keys(['etl_third_dag']) retrieved from /opt/airflow/dags/etl_third_run.py
[2022-06-13 16:58:12,706] {logging_mixin.py:109} INFO - [2022-06-13 16:58:12,706] {dag.py:2396} INFO - Sync 1 DAGs
[2022-06-13 16:58:12,725] {logging_mixin.py:109} INFO - [2022-06-13 16:58:12,725] {dag.py:2935} INFO - Setting next_dagrun for etl_third_dag to 2022-06-12 23:00:00+00:00
[2022-06-13 16:58:12,735] {processor.py:171} INFO - Processing /opt/airflow/dags/etl_third_run.py took 0.082 seconds
[2022-06-13 16:59:13,177] {processor.py:163} INFO - Started process (PID=1996) to work on /opt/airflow/dags/etl_third_run.py
[2022-06-13 16:59:13,181] {processor.py:642} INFO - Processing file /opt/airflow/dags/etl_third_run.py for tasks to queue
[2022-06-13 16:59:13,183] {logging_mixin.py:109} INFO - [2022-06-13 16:59:13,182] {dagbag.py:500} INFO - Filling up the DagBag from /opt/airflow/dags/etl_third_run.py
[2022-06-13 16:59:13,252] {processor.py:654} INFO - DAG(s) dict_keys(['etl_third_dag']) retrieved from /opt/airflow/dags/etl_third_run.py
[2022-06-13 16:59:13,271] {logging_mixin.py:109} INFO - [2022-06-13 16:59:13,271] {dag.py:2396} INFO - Sync 1 DAGs
[2022-06-13 16:59:13,288] {logging_mixin.py:109} INFO - [2022-06-13 16:59:13,288] {dag.py:2935} INFO - Setting next_dagrun for etl_third_dag to 2022-06-12 23:00:00+00:00
[2022-06-13 16:59:13,298] {processor.py:171} INFO - Processing /opt/airflow/dags/etl_third_run.py took 0.127 seconds
[2022-06-13 17:00:13,909] {processor.py:163} INFO - Started process (PID=2034) to work on /opt/airflow/dags/etl_third_run.py
[2022-06-13 17:00:13,923] {processor.py:642} INFO - Processing file /opt/airflow/dags/etl_third_run.py for tasks to queue
[2022-06-13 17:00:13,929] {logging_mixin.py:109} INFO - [2022-06-13 17:00:13,928] {dagbag.py:500} INFO - Filling up the DagBag from /opt/airflow/dags/etl_third_run.py
[2022-06-13 17:00:14,052] {processor.py:654} INFO - DAG(s) dict_keys(['etl_third_dag']) retrieved from /opt/airflow/dags/etl_third_run.py
[2022-06-13 17:00:14,112] {logging_mixin.py:109} INFO - [2022-06-13 17:00:14,111] {dag.py:2396} INFO - Sync 1 DAGs
[2022-06-13 17:00:14,174] {logging_mixin.py:109} INFO - [2022-06-13 17:00:14,174] {dag.py:2935} INFO - Setting next_dagrun for etl_third_dag to 2022-06-12 23:00:00+00:00
[2022-06-13 17:00:14,196] {processor.py:171} INFO - Processing /opt/airflow/dags/etl_third_run.py took 0.326 seconds
[2022-06-13 17:01:14,604] {processor.py:163} INFO - Started process (PID=2083) to work on /opt/airflow/dags/etl_third_run.py
[2022-06-13 17:01:14,606] {processor.py:642} INFO - Processing file /opt/airflow/dags/etl_third_run.py for tasks to queue
[2022-06-13 17:01:14,607] {logging_mixin.py:109} INFO - [2022-06-13 17:01:14,607] {dagbag.py:500} INFO - Filling up the DagBag from /opt/airflow/dags/etl_third_run.py
[2022-06-13 17:01:14,653] {processor.py:654} INFO - DAG(s) dict_keys(['etl_third_dag']) retrieved from /opt/airflow/dags/etl_third_run.py
[2022-06-13 17:01:14,667] {logging_mixin.py:109} INFO - [2022-06-13 17:01:14,667] {dag.py:2396} INFO - Sync 1 DAGs
[2022-06-13 17:01:14,691] {logging_mixin.py:109} INFO - [2022-06-13 17:01:14,691] {dag.py:2935} INFO - Setting next_dagrun for etl_third_dag to 2022-06-12 23:00:00+00:00
[2022-06-13 17:01:14,708] {processor.py:171} INFO - Processing /opt/airflow/dags/etl_third_run.py took 0.110 seconds
[2022-06-13 17:02:15,409] {processor.py:163} INFO - Started process (PID=2121) to work on /opt/airflow/dags/etl_third_run.py
[2022-06-13 17:02:15,417] {processor.py:642} INFO - Processing file /opt/airflow/dags/etl_third_run.py for tasks to queue
[2022-06-13 17:02:15,434] {logging_mixin.py:109} INFO - [2022-06-13 17:02:15,420] {dagbag.py:500} INFO - Filling up the DagBag from /opt/airflow/dags/etl_third_run.py
[2022-06-13 17:02:15,529] {processor.py:654} INFO - DAG(s) dict_keys(['etl_third_dag']) retrieved from /opt/airflow/dags/etl_third_run.py
[2022-06-13 17:02:15,556] {logging_mixin.py:109} INFO - [2022-06-13 17:02:15,556] {dag.py:2396} INFO - Sync 1 DAGs
[2022-06-13 17:02:15,590] {logging_mixin.py:109} INFO - [2022-06-13 17:02:15,590] {dag.py:2935} INFO - Setting next_dagrun for etl_third_dag to 2022-06-12 23:00:00+00:00
[2022-06-13 17:02:15,609] {processor.py:171} INFO - Processing /opt/airflow/dags/etl_third_run.py took 0.210 seconds
[2022-06-13 17:03:16,486] {processor.py:163} INFO - Started process (PID=2160) to work on /opt/airflow/dags/etl_third_run.py
[2022-06-13 17:03:16,491] {processor.py:642} INFO - Processing file /opt/airflow/dags/etl_third_run.py for tasks to queue
[2022-06-13 17:03:16,496] {logging_mixin.py:109} INFO - [2022-06-13 17:03:16,496] {dagbag.py:500} INFO - Filling up the DagBag from /opt/airflow/dags/etl_third_run.py
[2022-06-13 17:03:16,584] {processor.py:654} INFO - DAG(s) dict_keys(['etl_third_dag']) retrieved from /opt/airflow/dags/etl_third_run.py
[2022-06-13 17:03:16,616] {logging_mixin.py:109} INFO - [2022-06-13 17:03:16,616] {dag.py:2396} INFO - Sync 1 DAGs
[2022-06-13 17:03:16,760] {logging_mixin.py:109} INFO - [2022-06-13 17:03:16,760] {dag.py:2935} INFO - Setting next_dagrun for etl_third_dag to 2022-06-12 23:00:00+00:00
[2022-06-13 17:03:16,785] {processor.py:171} INFO - Processing /opt/airflow/dags/etl_third_run.py took 0.331 seconds
[2022-06-13 17:04:17,184] {processor.py:163} INFO - Started process (PID=2189) to work on /opt/airflow/dags/etl_third_run.py
[2022-06-13 17:04:17,186] {processor.py:642} INFO - Processing file /opt/airflow/dags/etl_third_run.py for tasks to queue
[2022-06-13 17:04:17,187] {logging_mixin.py:109} INFO - [2022-06-13 17:04:17,187] {dagbag.py:500} INFO - Filling up the DagBag from /opt/airflow/dags/etl_third_run.py
[2022-06-13 17:04:17,258] {processor.py:654} INFO - DAG(s) dict_keys(['etl_third_dag']) retrieved from /opt/airflow/dags/etl_third_run.py
[2022-06-13 17:04:17,286] {logging_mixin.py:109} INFO - [2022-06-13 17:04:17,286] {dag.py:2396} INFO - Sync 1 DAGs
[2022-06-13 17:04:17,320] {logging_mixin.py:109} INFO - [2022-06-13 17:04:17,320] {dag.py:2935} INFO - Setting next_dagrun for etl_third_dag to 2022-06-12 23:00:00+00:00
[2022-06-13 17:04:17,333] {processor.py:171} INFO - Processing /opt/airflow/dags/etl_third_run.py took 0.154 seconds
[2022-06-13 17:12:45,126] {processor.py:163} INFO - Started process (PID=181) to work on /opt/airflow/dags/etl_third_run.py
[2022-06-13 17:12:45,175] {processor.py:642} INFO - Processing file /opt/airflow/dags/etl_third_run.py for tasks to queue
[2022-06-13 17:12:45,205] {logging_mixin.py:109} INFO - [2022-06-13 17:12:45,205] {dagbag.py:500} INFO - Filling up the DagBag from /opt/airflow/dags/etl_third_run.py
[2022-06-13 17:12:51,205] {processor.py:654} INFO - DAG(s) dict_keys(['etl_third_dag']) retrieved from /opt/airflow/dags/etl_third_run.py
[2022-06-13 17:12:51,432] {logging_mixin.py:109} INFO - [2022-06-13 17:12:51,432] {dag.py:2396} INFO - Sync 1 DAGs
[2022-06-13 17:12:52,109] {logging_mixin.py:109} INFO - [2022-06-13 17:12:52,109] {dag.py:2935} INFO - Setting next_dagrun for etl_third_dag to 2022-06-12 23:00:00+00:00
[2022-06-13 17:12:52,328] {processor.py:171} INFO - Processing /opt/airflow/dags/etl_third_run.py took 7.753 seconds
[2022-06-13 17:13:57,519] {processor.py:163} INFO - Started process (PID=220) to work on /opt/airflow/dags/etl_third_run.py
[2022-06-13 17:13:57,551] {processor.py:642} INFO - Processing file /opt/airflow/dags/etl_third_run.py for tasks to queue
[2022-06-13 17:13:57,552] {logging_mixin.py:109} INFO - [2022-06-13 17:13:57,552] {dagbag.py:500} INFO - Filling up the DagBag from /opt/airflow/dags/etl_third_run.py
[2022-06-13 17:13:58,523] {processor.py:654} INFO - DAG(s) dict_keys(['etl_third_dag']) retrieved from /opt/airflow/dags/etl_third_run.py
[2022-06-13 17:13:59,372] {logging_mixin.py:109} INFO - [2022-06-13 17:13:59,371] {dag.py:2396} INFO - Sync 1 DAGs
[2022-06-13 17:14:00,149] {logging_mixin.py:109} INFO - [2022-06-13 17:14:00,149] {dag.py:2935} INFO - Setting next_dagrun for etl_third_dag to 2022-06-12 23:00:00+00:00
[2022-06-13 17:14:00,941] {processor.py:171} INFO - Processing /opt/airflow/dags/etl_third_run.py took 3.486 seconds
[2022-06-13 17:15:10,350] {processor.py:163} INFO - Started process (PID=249) to work on /opt/airflow/dags/etl_third_run.py
[2022-06-13 17:15:10,535] {processor.py:642} INFO - Processing file /opt/airflow/dags/etl_third_run.py for tasks to queue
[2022-06-13 17:15:10,873] {logging_mixin.py:109} INFO - [2022-06-13 17:15:10,616] {dagbag.py:500} INFO - Filling up the DagBag from /opt/airflow/dags/etl_third_run.py
[2022-06-13 17:15:15,850] {processor.py:654} INFO - DAG(s) dict_keys(['etl_third_dag']) retrieved from /opt/airflow/dags/etl_third_run.py
[2022-06-13 17:15:18,052] {logging_mixin.py:109} INFO - [2022-06-13 17:15:18,051] {dag.py:2396} INFO - Sync 1 DAGs
[2022-06-13 17:15:18,724] {logging_mixin.py:109} INFO - [2022-06-13 17:15:18,724] {dag.py:2935} INFO - Setting next_dagrun for etl_third_dag to 2022-06-12 23:00:00+00:00
[2022-06-13 17:15:19,411] {processor.py:171} INFO - Processing /opt/airflow/dags/etl_third_run.py took 9.658 seconds
[2022-06-13 17:16:28,424] {processor.py:163} INFO - Started process (PID=285) to work on /opt/airflow/dags/etl_third_run.py
[2022-06-13 17:16:28,645] {processor.py:642} INFO - Processing file /opt/airflow/dags/etl_third_run.py for tasks to queue
[2022-06-13 17:16:29,274] {logging_mixin.py:109} INFO - [2022-06-13 17:16:29,273] {dagbag.py:500} INFO - Filling up the DagBag from /opt/airflow/dags/etl_third_run.py
[2022-06-13 17:16:33,823] {processor.py:654} INFO - DAG(s) dict_keys(['etl_third_dag']) retrieved from /opt/airflow/dags/etl_third_run.py
[2022-06-13 17:16:35,688] {logging_mixin.py:109} INFO - [2022-06-13 17:16:35,687] {dag.py:2396} INFO - Sync 1 DAGs
[2022-06-13 17:16:39,349] {logging_mixin.py:109} INFO - [2022-06-13 17:16:39,256] {dag.py:2935} INFO - Setting next_dagrun for etl_third_dag to 2022-06-12 23:00:00+00:00
[2022-06-13 17:16:40,825] {processor.py:171} INFO - Processing /opt/airflow/dags/etl_third_run.py took 13.416 seconds
[2022-06-13 17:17:48,716] {processor.py:163} INFO - Started process (PID=321) to work on /opt/airflow/dags/etl_third_run.py
[2022-06-13 17:17:49,227] {processor.py:642} INFO - Processing file /opt/airflow/dags/etl_third_run.py for tasks to queue
[2022-06-13 17:17:49,586] {logging_mixin.py:109} INFO - [2022-06-13 17:17:49,585] {dagbag.py:500} INFO - Filling up the DagBag from /opt/airflow/dags/etl_third_run.py
[2022-06-13 17:17:51,158] {processor.py:654} INFO - DAG(s) dict_keys(['etl_third_dag']) retrieved from /opt/airflow/dags/etl_third_run.py
[2022-06-13 17:17:51,534] {logging_mixin.py:109} INFO - [2022-06-13 17:17:51,534] {dag.py:2396} INFO - Sync 1 DAGs
[2022-06-13 17:17:52,877] {logging_mixin.py:109} INFO - [2022-06-13 17:17:52,877] {dag.py:2935} INFO - Setting next_dagrun for etl_third_dag to 2022-06-12 23:00:00+00:00
[2022-06-13 17:17:53,775] {processor.py:171} INFO - Processing /opt/airflow/dags/etl_third_run.py took 6.373 seconds
[2022-06-13 17:18:55,642] {processor.py:163} INFO - Started process (PID=361) to work on /opt/airflow/dags/etl_third_run.py
[2022-06-13 17:18:55,656] {processor.py:642} INFO - Processing file /opt/airflow/dags/etl_third_run.py for tasks to queue
[2022-06-13 17:18:56,114] {logging_mixin.py:109} INFO - [2022-06-13 17:18:56,113] {dagbag.py:500} INFO - Filling up the DagBag from /opt/airflow/dags/etl_third_run.py
[2022-06-13 17:18:58,266] {processor.py:654} INFO - DAG(s) dict_keys(['etl_third_dag']) retrieved from /opt/airflow/dags/etl_third_run.py
[2022-06-13 17:18:58,826] {logging_mixin.py:109} INFO - [2022-06-13 17:18:58,826] {dag.py:2396} INFO - Sync 1 DAGs
[2022-06-13 17:19:00,088] {logging_mixin.py:109} INFO - [2022-06-13 17:19:00,088] {dag.py:2935} INFO - Setting next_dagrun for etl_third_dag to 2022-06-12 23:00:00+00:00
[2022-06-13 17:19:00,679] {processor.py:171} INFO - Processing /opt/airflow/dags/etl_third_run.py took 5.344 seconds
[2022-06-13 17:20:02,990] {processor.py:163} INFO - Started process (PID=392) to work on /opt/airflow/dags/etl_third_run.py
[2022-06-13 17:20:03,128] {processor.py:642} INFO - Processing file /opt/airflow/dags/etl_third_run.py for tasks to queue
[2022-06-13 17:20:03,491] {logging_mixin.py:109} INFO - [2022-06-13 17:20:03,490] {dagbag.py:500} INFO - Filling up the DagBag from /opt/airflow/dags/etl_third_run.py
[2022-06-13 17:20:15,574] {processor.py:654} INFO - DAG(s) dict_keys(['etl_third_dag']) retrieved from /opt/airflow/dags/etl_third_run.py
[2022-06-13 17:20:16,006] {logging_mixin.py:109} INFO - [2022-06-13 17:20:16,005] {dag.py:2396} INFO - Sync 1 DAGs
[2022-06-13 17:20:17,694] {logging_mixin.py:109} INFO - [2022-06-13 17:20:17,694] {dag.py:2935} INFO - Setting next_dagrun for etl_third_dag to 2022-06-12 23:00:00+00:00
[2022-06-13 17:20:18,246] {processor.py:171} INFO - Processing /opt/airflow/dags/etl_third_run.py took 16.114 seconds
[2022-06-13 17:21:20,078] {processor.py:163} INFO - Started process (PID=428) to work on /opt/airflow/dags/etl_third_run.py
[2022-06-13 17:21:20,178] {processor.py:642} INFO - Processing file /opt/airflow/dags/etl_third_run.py for tasks to queue
[2022-06-13 17:21:20,228] {logging_mixin.py:109} INFO - [2022-06-13 17:21:20,228] {dagbag.py:500} INFO - Filling up the DagBag from /opt/airflow/dags/etl_third_run.py
