[2022-06-13 15:45:34,168] {processor.py:163} INFO - Started process (PID=93) to work on /opt/airflow/dags/etl_second_run.py
[2022-06-13 15:45:34,177] {processor.py:642} INFO - Processing file /opt/airflow/dags/etl_second_run.py for tasks to queue
[2022-06-13 15:45:34,178] {logging_mixin.py:109} INFO - [2022-06-13 15:45:34,178] {dagbag.py:500} INFO - Filling up the DagBag from /opt/airflow/dags/etl_second_run.py
[2022-06-13 15:45:34,370] {processor.py:654} INFO - DAG(s) dict_keys(['etl_second_dag']) retrieved from /opt/airflow/dags/etl_second_run.py
[2022-06-13 15:46:16,758] {logging_mixin.py:109} INFO - [2022-06-13 15:46:16,757] {manager.py:496} INFO - Created Permission View: can edit on DAG:etl_second_dag
[2022-06-13 15:46:16,827] {logging_mixin.py:109} INFO - [2022-06-13 15:46:16,826] {manager.py:496} INFO - Created Permission View: can read on DAG:etl_second_dag
[2022-06-13 15:46:16,833] {logging_mixin.py:109} INFO - [2022-06-13 15:46:16,832] {dag.py:2396} INFO - Sync 1 DAGs
[2022-06-13 15:46:16,861] {logging_mixin.py:109} INFO - [2022-06-13 15:46:16,861] {dag.py:2415} INFO - Creating ORM DAG for etl_second_dag
[2022-06-13 15:46:16,905] {logging_mixin.py:109} INFO - [2022-06-13 15:46:16,905] {dag.py:2935} INFO - Setting next_dagrun for etl_second_dag to 2022-06-12 16:00:00+00:00
[2022-06-13 15:46:16,982] {processor.py:171} INFO - Processing /opt/airflow/dags/etl_second_run.py took 42.841 seconds
[2022-06-13 15:47:17,759] {processor.py:163} INFO - Started process (PID=154) to work on /opt/airflow/dags/etl_second_run.py
[2022-06-13 15:47:17,771] {processor.py:642} INFO - Processing file /opt/airflow/dags/etl_second_run.py for tasks to queue
[2022-06-13 15:47:17,776] {logging_mixin.py:109} INFO - [2022-06-13 15:47:17,772] {dagbag.py:500} INFO - Filling up the DagBag from /opt/airflow/dags/etl_second_run.py
[2022-06-13 15:47:17,938] {processor.py:654} INFO - DAG(s) dict_keys(['etl_second_dag']) retrieved from /opt/airflow/dags/etl_second_run.py
[2022-06-13 15:47:17,953] {logging_mixin.py:109} INFO - [2022-06-13 15:47:17,952] {dag.py:2396} INFO - Sync 1 DAGs
[2022-06-13 15:47:17,982] {logging_mixin.py:109} INFO - [2022-06-13 15:47:17,982] {dag.py:2935} INFO - Setting next_dagrun for etl_second_dag to 2022-06-12 16:00:00+00:00
[2022-06-13 15:47:18,002] {processor.py:171} INFO - Processing /opt/airflow/dags/etl_second_run.py took 0.249 seconds
[2022-06-13 15:48:18,481] {processor.py:163} INFO - Started process (PID=194) to work on /opt/airflow/dags/etl_second_run.py
[2022-06-13 15:48:18,484] {processor.py:642} INFO - Processing file /opt/airflow/dags/etl_second_run.py for tasks to queue
[2022-06-13 15:48:18,485] {logging_mixin.py:109} INFO - [2022-06-13 15:48:18,485] {dagbag.py:500} INFO - Filling up the DagBag from /opt/airflow/dags/etl_second_run.py
[2022-06-13 15:48:18,528] {processor.py:654} INFO - DAG(s) dict_keys(['etl_second_dag']) retrieved from /opt/airflow/dags/etl_second_run.py
[2022-06-13 15:48:18,542] {logging_mixin.py:109} INFO - [2022-06-13 15:48:18,541] {dag.py:2396} INFO - Sync 1 DAGs
[2022-06-13 15:48:18,568] {logging_mixin.py:109} INFO - [2022-06-13 15:48:18,568] {dag.py:2935} INFO - Setting next_dagrun for etl_second_dag to 2022-06-12 16:00:00+00:00
[2022-06-13 15:48:18,587] {processor.py:171} INFO - Processing /opt/airflow/dags/etl_second_run.py took 0.113 seconds
[2022-06-13 15:49:19,092] {processor.py:163} INFO - Started process (PID=242) to work on /opt/airflow/dags/etl_second_run.py
[2022-06-13 15:49:19,094] {processor.py:642} INFO - Processing file /opt/airflow/dags/etl_second_run.py for tasks to queue
[2022-06-13 15:49:19,095] {logging_mixin.py:109} INFO - [2022-06-13 15:49:19,095] {dagbag.py:500} INFO - Filling up the DagBag from /opt/airflow/dags/etl_second_run.py
[2022-06-13 15:49:19,169] {processor.py:654} INFO - DAG(s) dict_keys(['etl_second_dag']) retrieved from /opt/airflow/dags/etl_second_run.py
[2022-06-13 15:49:19,194] {logging_mixin.py:109} INFO - [2022-06-13 15:49:19,190] {dag.py:2396} INFO - Sync 1 DAGs
[2022-06-13 15:49:19,221] {logging_mixin.py:109} INFO - [2022-06-13 15:49:19,221] {dag.py:2935} INFO - Setting next_dagrun for etl_second_dag to 2022-06-12 16:00:00+00:00
[2022-06-13 15:49:19,237] {processor.py:171} INFO - Processing /opt/airflow/dags/etl_second_run.py took 0.163 seconds
[2022-06-13 15:50:19,742] {processor.py:163} INFO - Started process (PID=283) to work on /opt/airflow/dags/etl_second_run.py
[2022-06-13 15:50:19,763] {processor.py:642} INFO - Processing file /opt/airflow/dags/etl_second_run.py for tasks to queue
[2022-06-13 15:50:19,768] {logging_mixin.py:109} INFO - [2022-06-13 15:50:19,768] {dagbag.py:500} INFO - Filling up the DagBag from /opt/airflow/dags/etl_second_run.py
[2022-06-13 15:50:19,847] {processor.py:654} INFO - DAG(s) dict_keys(['etl_second_dag']) retrieved from /opt/airflow/dags/etl_second_run.py
[2022-06-13 15:50:19,874] {logging_mixin.py:109} INFO - [2022-06-13 15:50:19,874] {dag.py:2396} INFO - Sync 1 DAGs
[2022-06-13 15:50:19,954] {logging_mixin.py:109} INFO - [2022-06-13 15:50:19,954] {dag.py:2935} INFO - Setting next_dagrun for etl_second_dag to 2022-06-12 16:00:00+00:00
[2022-06-13 15:50:19,994] {processor.py:171} INFO - Processing /opt/airflow/dags/etl_second_run.py took 0.290 seconds
[2022-06-13 15:51:20,586] {processor.py:163} INFO - Started process (PID=314) to work on /opt/airflow/dags/etl_second_run.py
[2022-06-13 15:51:20,599] {processor.py:642} INFO - Processing file /opt/airflow/dags/etl_second_run.py for tasks to queue
[2022-06-13 15:51:20,601] {logging_mixin.py:109} INFO - [2022-06-13 15:51:20,600] {dagbag.py:500} INFO - Filling up the DagBag from /opt/airflow/dags/etl_second_run.py
[2022-06-13 15:51:20,729] {processor.py:654} INFO - DAG(s) dict_keys(['etl_second_dag']) retrieved from /opt/airflow/dags/etl_second_run.py
[2022-06-13 15:51:20,780] {logging_mixin.py:109} INFO - [2022-06-13 15:51:20,780] {dag.py:2396} INFO - Sync 1 DAGs
[2022-06-13 15:51:20,851] {logging_mixin.py:109} INFO - [2022-06-13 15:51:20,851] {dag.py:2935} INFO - Setting next_dagrun for etl_second_dag to 2022-06-12 16:00:00+00:00
[2022-06-13 15:51:20,894] {processor.py:171} INFO - Processing /opt/airflow/dags/etl_second_run.py took 0.315 seconds
[2022-06-13 15:52:21,643] {processor.py:163} INFO - Started process (PID=352) to work on /opt/airflow/dags/etl_second_run.py
[2022-06-13 15:52:21,649] {processor.py:642} INFO - Processing file /opt/airflow/dags/etl_second_run.py for tasks to queue
[2022-06-13 15:52:21,650] {logging_mixin.py:109} INFO - [2022-06-13 15:52:21,650] {dagbag.py:500} INFO - Filling up the DagBag from /opt/airflow/dags/etl_second_run.py
[2022-06-13 15:52:22,109] {processor.py:654} INFO - DAG(s) dict_keys(['etl_second_dag']) retrieved from /opt/airflow/dags/etl_second_run.py
[2022-06-13 15:52:22,263] {logging_mixin.py:109} INFO - [2022-06-13 15:52:22,263] {dag.py:2396} INFO - Sync 1 DAGs
[2022-06-13 15:52:22,569] {logging_mixin.py:109} INFO - [2022-06-13 15:52:22,569] {dag.py:2935} INFO - Setting next_dagrun for etl_second_dag to 2022-06-12 16:00:00+00:00
[2022-06-13 15:52:22,728] {processor.py:171} INFO - Processing /opt/airflow/dags/etl_second_run.py took 1.095 seconds
[2022-06-13 15:53:23,605] {processor.py:163} INFO - Started process (PID=382) to work on /opt/airflow/dags/etl_second_run.py
[2022-06-13 15:53:23,644] {processor.py:642} INFO - Processing file /opt/airflow/dags/etl_second_run.py for tasks to queue
[2022-06-13 15:53:23,648] {logging_mixin.py:109} INFO - [2022-06-13 15:53:23,647] {dagbag.py:500} INFO - Filling up the DagBag from /opt/airflow/dags/etl_second_run.py
[2022-06-13 15:53:23,896] {processor.py:654} INFO - DAG(s) dict_keys(['etl_second_dag']) retrieved from /opt/airflow/dags/etl_second_run.py
[2022-06-13 15:53:23,921] {logging_mixin.py:109} INFO - [2022-06-13 15:53:23,921] {dag.py:2396} INFO - Sync 1 DAGs
[2022-06-13 15:53:23,972] {logging_mixin.py:109} INFO - [2022-06-13 15:53:23,972] {dag.py:2935} INFO - Setting next_dagrun for etl_second_dag to 2022-06-12 16:00:00+00:00
[2022-06-13 15:53:24,004] {processor.py:171} INFO - Processing /opt/airflow/dags/etl_second_run.py took 0.422 seconds
[2022-06-13 15:54:24,781] {processor.py:163} INFO - Started process (PID=419) to work on /opt/airflow/dags/etl_second_run.py
[2022-06-13 15:54:24,790] {processor.py:642} INFO - Processing file /opt/airflow/dags/etl_second_run.py for tasks to queue
[2022-06-13 15:54:24,797] {logging_mixin.py:109} INFO - [2022-06-13 15:54:24,797] {dagbag.py:500} INFO - Filling up the DagBag from /opt/airflow/dags/etl_second_run.py
[2022-06-13 15:54:24,972] {processor.py:654} INFO - DAG(s) dict_keys(['etl_second_dag']) retrieved from /opt/airflow/dags/etl_second_run.py
[2022-06-13 15:54:24,997] {logging_mixin.py:109} INFO - [2022-06-13 15:54:24,997] {dag.py:2396} INFO - Sync 1 DAGs
[2022-06-13 15:54:25,044] {logging_mixin.py:109} INFO - [2022-06-13 15:54:25,044] {dag.py:2935} INFO - Setting next_dagrun for etl_second_dag to 2022-06-12 16:00:00+00:00
[2022-06-13 15:54:25,069] {processor.py:171} INFO - Processing /opt/airflow/dags/etl_second_run.py took 0.330 seconds
[2022-06-13 15:55:25,708] {processor.py:163} INFO - Started process (PID=458) to work on /opt/airflow/dags/etl_second_run.py
[2022-06-13 15:55:25,717] {processor.py:642} INFO - Processing file /opt/airflow/dags/etl_second_run.py for tasks to queue
[2022-06-13 15:55:25,718] {logging_mixin.py:109} INFO - [2022-06-13 15:55:25,718] {dagbag.py:500} INFO - Filling up the DagBag from /opt/airflow/dags/etl_second_run.py
[2022-06-13 15:55:25,801] {processor.py:654} INFO - DAG(s) dict_keys(['etl_second_dag']) retrieved from /opt/airflow/dags/etl_second_run.py
[2022-06-13 15:55:25,821] {logging_mixin.py:109} INFO - [2022-06-13 15:55:25,821] {dag.py:2396} INFO - Sync 1 DAGs
[2022-06-13 15:55:25,848] {logging_mixin.py:109} INFO - [2022-06-13 15:55:25,848] {dag.py:2935} INFO - Setting next_dagrun for etl_second_dag to 2022-06-12 16:00:00+00:00
[2022-06-13 15:55:25,862] {processor.py:171} INFO - Processing /opt/airflow/dags/etl_second_run.py took 0.170 seconds
[2022-06-13 15:56:26,700] {processor.py:163} INFO - Started process (PID=493) to work on /opt/airflow/dags/etl_second_run.py
[2022-06-13 15:56:26,713] {processor.py:642} INFO - Processing file /opt/airflow/dags/etl_second_run.py for tasks to queue
[2022-06-13 15:56:26,717] {logging_mixin.py:109} INFO - [2022-06-13 15:56:26,717] {dagbag.py:500} INFO - Filling up the DagBag from /opt/airflow/dags/etl_second_run.py
[2022-06-13 15:56:26,870] {processor.py:654} INFO - DAG(s) dict_keys(['etl_second_dag']) retrieved from /opt/airflow/dags/etl_second_run.py
[2022-06-13 15:56:26,994] {logging_mixin.py:109} INFO - [2022-06-13 15:56:26,993] {dag.py:2396} INFO - Sync 1 DAGs
[2022-06-13 15:56:27,142] {logging_mixin.py:109} INFO - [2022-06-13 15:56:27,141] {dag.py:2935} INFO - Setting next_dagrun for etl_second_dag to 2022-06-12 16:00:00+00:00
[2022-06-13 15:56:27,185] {processor.py:171} INFO - Processing /opt/airflow/dags/etl_second_run.py took 0.506 seconds
[2022-06-13 15:57:27,775] {processor.py:163} INFO - Started process (PID=523) to work on /opt/airflow/dags/etl_second_run.py
[2022-06-13 15:57:27,777] {processor.py:642} INFO - Processing file /opt/airflow/dags/etl_second_run.py for tasks to queue
[2022-06-13 15:57:27,778] {logging_mixin.py:109} INFO - [2022-06-13 15:57:27,778] {dagbag.py:500} INFO - Filling up the DagBag from /opt/airflow/dags/etl_second_run.py
[2022-06-13 15:57:27,846] {processor.py:654} INFO - DAG(s) dict_keys(['etl_second_dag']) retrieved from /opt/airflow/dags/etl_second_run.py
[2022-06-13 15:57:27,860] {logging_mixin.py:109} INFO - [2022-06-13 15:57:27,860] {dag.py:2396} INFO - Sync 1 DAGs
[2022-06-13 15:57:27,882] {logging_mixin.py:109} INFO - [2022-06-13 15:57:27,882] {dag.py:2935} INFO - Setting next_dagrun for etl_second_dag to 2022-06-12 16:00:00+00:00
[2022-06-13 15:57:27,895] {processor.py:171} INFO - Processing /opt/airflow/dags/etl_second_run.py took 0.137 seconds
[2022-06-13 15:58:28,141] {processor.py:163} INFO - Started process (PID=562) to work on /opt/airflow/dags/etl_second_run.py
[2022-06-13 15:58:28,148] {processor.py:642} INFO - Processing file /opt/airflow/dags/etl_second_run.py for tasks to queue
[2022-06-13 15:58:28,150] {logging_mixin.py:109} INFO - [2022-06-13 15:58:28,149] {dagbag.py:500} INFO - Filling up the DagBag from /opt/airflow/dags/etl_second_run.py
[2022-06-13 15:58:28,269] {processor.py:654} INFO - DAG(s) dict_keys(['etl_second_dag']) retrieved from /opt/airflow/dags/etl_second_run.py
[2022-06-13 15:58:28,289] {logging_mixin.py:109} INFO - [2022-06-13 15:58:28,288] {dag.py:2396} INFO - Sync 1 DAGs
[2022-06-13 15:58:28,338] {logging_mixin.py:109} INFO - [2022-06-13 15:58:28,338] {dag.py:2935} INFO - Setting next_dagrun for etl_second_dag to 2022-06-12 16:00:00+00:00
[2022-06-13 15:58:28,392] {processor.py:171} INFO - Processing /opt/airflow/dags/etl_second_run.py took 0.257 seconds
[2022-06-13 15:59:29,289] {processor.py:163} INFO - Started process (PID=599) to work on /opt/airflow/dags/etl_second_run.py
[2022-06-13 15:59:29,298] {processor.py:642} INFO - Processing file /opt/airflow/dags/etl_second_run.py for tasks to queue
[2022-06-13 15:59:29,299] {logging_mixin.py:109} INFO - [2022-06-13 15:59:29,299] {dagbag.py:500} INFO - Filling up the DagBag from /opt/airflow/dags/etl_second_run.py
[2022-06-13 15:59:29,387] {processor.py:654} INFO - DAG(s) dict_keys(['etl_second_dag']) retrieved from /opt/airflow/dags/etl_second_run.py
[2022-06-13 15:59:29,401] {logging_mixin.py:109} INFO - [2022-06-13 15:59:29,401] {dag.py:2396} INFO - Sync 1 DAGs
[2022-06-13 15:59:29,425] {logging_mixin.py:109} INFO - [2022-06-13 15:59:29,424] {dag.py:2935} INFO - Setting next_dagrun for etl_second_dag to 2022-06-12 16:00:00+00:00
[2022-06-13 15:59:29,436] {processor.py:171} INFO - Processing /opt/airflow/dags/etl_second_run.py took 0.170 seconds
[2022-06-13 16:00:29,960] {processor.py:163} INFO - Started process (PID=638) to work on /opt/airflow/dags/etl_second_run.py
[2022-06-13 16:00:29,963] {processor.py:642} INFO - Processing file /opt/airflow/dags/etl_second_run.py for tasks to queue
[2022-06-13 16:00:29,966] {logging_mixin.py:109} INFO - [2022-06-13 16:00:29,965] {dagbag.py:500} INFO - Filling up the DagBag from /opt/airflow/dags/etl_second_run.py
[2022-06-13 16:00:30,035] {processor.py:654} INFO - DAG(s) dict_keys(['etl_second_dag']) retrieved from /opt/airflow/dags/etl_second_run.py
[2022-06-13 16:00:30,047] {logging_mixin.py:109} INFO - [2022-06-13 16:00:30,047] {dag.py:2396} INFO - Sync 1 DAGs
[2022-06-13 16:00:30,072] {logging_mixin.py:109} INFO - [2022-06-13 16:00:30,071] {dag.py:2935} INFO - Setting next_dagrun for etl_second_dag to 2022-06-13T16:00:00+00:00
[2022-06-13 16:00:30,082] {processor.py:171} INFO - Processing /opt/airflow/dags/etl_second_run.py took 0.129 seconds
[2022-06-13 16:05:47,158] {processor.py:163} INFO - Started process (PID=73) to work on /opt/airflow/dags/etl_second_run.py
[2022-06-13 16:05:47,177] {processor.py:642} INFO - Processing file /opt/airflow/dags/etl_second_run.py for tasks to queue
[2022-06-13 16:05:47,181] {logging_mixin.py:109} INFO - [2022-06-13 16:05:47,181] {dagbag.py:500} INFO - Filling up the DagBag from /opt/airflow/dags/etl_second_run.py
[2022-06-13 16:05:47,621] {processor.py:654} INFO - DAG(s) dict_keys(['etl_second_dag']) retrieved from /opt/airflow/dags/etl_second_run.py
[2022-06-13 16:05:47,704] {logging_mixin.py:109} INFO - [2022-06-13 16:05:47,704] {dag.py:2396} INFO - Sync 1 DAGs
[2022-06-13 16:05:48,647] {logging_mixin.py:109} INFO - [2022-06-13 16:05:48,647] {dag.py:2935} INFO - Setting next_dagrun for etl_second_dag to 2022-06-13T16:00:00+00:00
[2022-06-13 16:05:48,736] {processor.py:171} INFO - Processing /opt/airflow/dags/etl_second_run.py took 1.614 seconds
[2022-06-13 16:06:49,310] {processor.py:163} INFO - Started process (PID=109) to work on /opt/airflow/dags/etl_second_run.py
[2022-06-13 16:06:49,321] {processor.py:642} INFO - Processing file /opt/airflow/dags/etl_second_run.py for tasks to queue
[2022-06-13 16:06:49,323] {logging_mixin.py:109} INFO - [2022-06-13 16:06:49,322] {dagbag.py:500} INFO - Filling up the DagBag from /opt/airflow/dags/etl_second_run.py
[2022-06-13 16:06:49,713] {processor.py:654} INFO - DAG(s) dict_keys(['etl_second_dag']) retrieved from /opt/airflow/dags/etl_second_run.py
[2022-06-13 16:06:49,731] {logging_mixin.py:109} INFO - [2022-06-13 16:06:49,731] {dag.py:2396} INFO - Sync 1 DAGs
[2022-06-13 16:06:49,753] {logging_mixin.py:109} INFO - [2022-06-13 16:06:49,753] {dag.py:2935} INFO - Setting next_dagrun for etl_second_dag to 2022-06-13T16:00:00+00:00
[2022-06-13 16:06:49,772] {processor.py:171} INFO - Processing /opt/airflow/dags/etl_second_run.py took 0.480 seconds
[2022-06-13 16:07:49,996] {processor.py:163} INFO - Started process (PID=148) to work on /opt/airflow/dags/etl_second_run.py
[2022-06-13 16:07:50,002] {processor.py:642} INFO - Processing file /opt/airflow/dags/etl_second_run.py for tasks to queue
[2022-06-13 16:07:50,014] {logging_mixin.py:109} INFO - [2022-06-13 16:07:50,014] {dagbag.py:500} INFO - Filling up the DagBag from /opt/airflow/dags/etl_second_run.py
[2022-06-13 16:07:50,103] {processor.py:654} INFO - DAG(s) dict_keys(['etl_second_dag']) retrieved from /opt/airflow/dags/etl_second_run.py
[2022-06-13 16:07:50,126] {logging_mixin.py:109} INFO - [2022-06-13 16:07:50,126] {dag.py:2396} INFO - Sync 1 DAGs
[2022-06-13 16:07:50,182] {logging_mixin.py:109} INFO - [2022-06-13 16:07:50,182] {dag.py:2935} INFO - Setting next_dagrun for etl_second_dag to 2022-06-13T16:00:00+00:00
[2022-06-13 16:07:50,221] {processor.py:171} INFO - Processing /opt/airflow/dags/etl_second_run.py took 0.262 seconds
[2022-06-13 16:08:50,681] {processor.py:163} INFO - Started process (PID=186) to work on /opt/airflow/dags/etl_second_run.py
[2022-06-13 16:08:50,683] {processor.py:642} INFO - Processing file /opt/airflow/dags/etl_second_run.py for tasks to queue
[2022-06-13 16:08:50,684] {logging_mixin.py:109} INFO - [2022-06-13 16:08:50,684] {dagbag.py:500} INFO - Filling up the DagBag from /opt/airflow/dags/etl_second_run.py
[2022-06-13 16:08:50,787] {processor.py:654} INFO - DAG(s) dict_keys(['etl_second_dag']) retrieved from /opt/airflow/dags/etl_second_run.py
[2022-06-13 16:08:50,857] {logging_mixin.py:109} INFO - [2022-06-13 16:08:50,857] {dag.py:2396} INFO - Sync 1 DAGs
[2022-06-13 16:08:50,886] {logging_mixin.py:109} INFO - [2022-06-13 16:08:50,886] {dag.py:2935} INFO - Setting next_dagrun for etl_second_dag to 2022-06-13T16:00:00+00:00
[2022-06-13 16:08:50,899] {processor.py:171} INFO - Processing /opt/airflow/dags/etl_second_run.py took 0.224 seconds
[2022-06-13 16:09:51,470] {processor.py:163} INFO - Started process (PID=234) to work on /opt/airflow/dags/etl_second_run.py
[2022-06-13 16:09:51,477] {processor.py:642} INFO - Processing file /opt/airflow/dags/etl_second_run.py for tasks to queue
[2022-06-13 16:09:51,478] {logging_mixin.py:109} INFO - [2022-06-13 16:09:51,478] {dagbag.py:500} INFO - Filling up the DagBag from /opt/airflow/dags/etl_second_run.py
[2022-06-13 16:09:51,564] {processor.py:654} INFO - DAG(s) dict_keys(['etl_second_dag']) retrieved from /opt/airflow/dags/etl_second_run.py
[2022-06-13 16:09:51,588] {logging_mixin.py:109} INFO - [2022-06-13 16:09:51,588] {dag.py:2396} INFO - Sync 1 DAGs
[2022-06-13 16:09:51,627] {logging_mixin.py:109} INFO - [2022-06-13 16:09:51,626] {dag.py:2935} INFO - Setting next_dagrun for etl_second_dag to 2022-06-13T16:00:00+00:00
[2022-06-13 16:09:51,643] {processor.py:171} INFO - Processing /opt/airflow/dags/etl_second_run.py took 0.179 seconds
[2022-06-13 16:10:52,341] {processor.py:163} INFO - Started process (PID=269) to work on /opt/airflow/dags/etl_second_run.py
[2022-06-13 16:10:52,355] {processor.py:642} INFO - Processing file /opt/airflow/dags/etl_second_run.py for tasks to queue
[2022-06-13 16:10:52,357] {logging_mixin.py:109} INFO - [2022-06-13 16:10:52,357] {dagbag.py:500} INFO - Filling up the DagBag from /opt/airflow/dags/etl_second_run.py
[2022-06-13 16:10:52,532] {processor.py:654} INFO - DAG(s) dict_keys(['etl_second_dag']) retrieved from /opt/airflow/dags/etl_second_run.py
[2022-06-13 16:10:52,568] {logging_mixin.py:109} INFO - [2022-06-13 16:10:52,568] {dag.py:2396} INFO - Sync 1 DAGs
[2022-06-13 16:10:52,629] {logging_mixin.py:109} INFO - [2022-06-13 16:10:52,629] {dag.py:2935} INFO - Setting next_dagrun for etl_second_dag to 2022-06-13T16:00:00+00:00
[2022-06-13 16:10:52,676] {processor.py:171} INFO - Processing /opt/airflow/dags/etl_second_run.py took 0.339 seconds
[2022-06-13 16:11:53,922] {processor.py:163} INFO - Started process (PID=300) to work on /opt/airflow/dags/etl_second_run.py
[2022-06-13 16:11:53,962] {processor.py:642} INFO - Processing file /opt/airflow/dags/etl_second_run.py for tasks to queue
[2022-06-13 16:11:53,971] {logging_mixin.py:109} INFO - [2022-06-13 16:11:53,970] {dagbag.py:500} INFO - Filling up the DagBag from /opt/airflow/dags/etl_second_run.py
[2022-06-13 16:11:55,078] {processor.py:654} INFO - DAG(s) dict_keys(['etl_second_dag']) retrieved from /opt/airflow/dags/etl_second_run.py
[2022-06-13 16:11:55,375] {logging_mixin.py:109} INFO - [2022-06-13 16:11:55,374] {dag.py:2396} INFO - Sync 1 DAGs
[2022-06-13 16:11:55,685] {logging_mixin.py:109} INFO - [2022-06-13 16:11:55,685] {dag.py:2935} INFO - Setting next_dagrun for etl_second_dag to 2022-06-12 16:00:00+00:00
[2022-06-13 16:11:55,832] {processor.py:171} INFO - Processing /opt/airflow/dags/etl_second_run.py took 1.997 seconds
[2022-06-13 16:12:55,951] {processor.py:163} INFO - Started process (PID=329) to work on /opt/airflow/dags/etl_second_run.py
[2022-06-13 16:12:55,962] {processor.py:642} INFO - Processing file /opt/airflow/dags/etl_second_run.py for tasks to queue
[2022-06-13 16:12:55,963] {logging_mixin.py:109} INFO - [2022-06-13 16:12:55,962] {dagbag.py:500} INFO - Filling up the DagBag from /opt/airflow/dags/etl_second_run.py
[2022-06-13 16:12:56,401] {processor.py:654} INFO - DAG(s) dict_keys(['etl_second_dag']) retrieved from /opt/airflow/dags/etl_second_run.py
[2022-06-13 16:12:56,529] {logging_mixin.py:109} INFO - [2022-06-13 16:12:56,529] {dag.py:2396} INFO - Sync 1 DAGs
[2022-06-13 16:12:56,989] {logging_mixin.py:109} INFO - [2022-06-13 16:12:56,988] {dag.py:2935} INFO - Setting next_dagrun for etl_second_dag to 2022-06-13T16:00:00+00:00
[2022-06-13 16:12:57,403] {processor.py:171} INFO - Processing /opt/airflow/dags/etl_second_run.py took 1.456 seconds
[2022-06-13 16:13:58,788] {processor.py:163} INFO - Started process (PID=368) to work on /opt/airflow/dags/etl_second_run.py
[2022-06-13 16:13:58,794] {processor.py:642} INFO - Processing file /opt/airflow/dags/etl_second_run.py for tasks to queue
[2022-06-13 16:13:58,795] {logging_mixin.py:109} INFO - [2022-06-13 16:13:58,795] {dagbag.py:500} INFO - Filling up the DagBag from /opt/airflow/dags/etl_second_run.py
[2022-06-13 16:13:58,879] {processor.py:654} INFO - DAG(s) dict_keys(['etl_second_dag']) retrieved from /opt/airflow/dags/etl_second_run.py
[2022-06-13 16:13:58,901] {logging_mixin.py:109} INFO - [2022-06-13 16:13:58,901] {dag.py:2396} INFO - Sync 1 DAGs
[2022-06-13 16:13:58,953] {logging_mixin.py:109} INFO - [2022-06-13 16:13:58,953] {dag.py:2935} INFO - Setting next_dagrun for etl_second_dag to 2022-06-13T16:00:00+00:00
[2022-06-13 16:13:58,996] {processor.py:171} INFO - Processing /opt/airflow/dags/etl_second_run.py took 0.218 seconds
[2022-06-13 16:14:59,926] {processor.py:163} INFO - Started process (PID=407) to work on /opt/airflow/dags/etl_second_run.py
[2022-06-13 16:14:59,933] {processor.py:642} INFO - Processing file /opt/airflow/dags/etl_second_run.py for tasks to queue
[2022-06-13 16:14:59,939] {logging_mixin.py:109} INFO - [2022-06-13 16:14:59,934] {dagbag.py:500} INFO - Filling up the DagBag from /opt/airflow/dags/etl_second_run.py
[2022-06-13 16:15:00,032] {processor.py:654} INFO - DAG(s) dict_keys(['etl_second_dag']) retrieved from /opt/airflow/dags/etl_second_run.py
[2022-06-13 16:15:00,060] {logging_mixin.py:109} INFO - [2022-06-13 16:15:00,060] {dag.py:2396} INFO - Sync 1 DAGs
[2022-06-13 16:15:00,128] {logging_mixin.py:109} INFO - [2022-06-13 16:15:00,128] {dag.py:2935} INFO - Setting next_dagrun for etl_second_dag to 2022-06-13T16:00:00+00:00
[2022-06-13 16:15:00,146] {processor.py:171} INFO - Processing /opt/airflow/dags/etl_second_run.py took 0.248 seconds
[2022-06-13 16:16:00,893] {processor.py:163} INFO - Started process (PID=437) to work on /opt/airflow/dags/etl_second_run.py
[2022-06-13 16:16:00,902] {processor.py:642} INFO - Processing file /opt/airflow/dags/etl_second_run.py for tasks to queue
[2022-06-13 16:16:00,904] {logging_mixin.py:109} INFO - [2022-06-13 16:16:00,903] {dagbag.py:500} INFO - Filling up the DagBag from /opt/airflow/dags/etl_second_run.py
[2022-06-13 16:16:01,032] {processor.py:654} INFO - DAG(s) dict_keys(['etl_second_dag']) retrieved from /opt/airflow/dags/etl_second_run.py
[2022-06-13 16:16:01,199] {logging_mixin.py:109} INFO - [2022-06-13 16:16:01,196] {dag.py:2396} INFO - Sync 1 DAGs
[2022-06-13 16:16:01,271] {logging_mixin.py:109} INFO - [2022-06-13 16:16:01,271] {dag.py:2935} INFO - Setting next_dagrun for etl_second_dag to 2022-06-13T16:00:00+00:00
[2022-06-13 16:16:01,396] {processor.py:171} INFO - Processing /opt/airflow/dags/etl_second_run.py took 0.521 seconds
[2022-06-13 16:17:02,073] {processor.py:163} INFO - Started process (PID=476) to work on /opt/airflow/dags/etl_second_run.py
[2022-06-13 16:17:02,077] {processor.py:642} INFO - Processing file /opt/airflow/dags/etl_second_run.py for tasks to queue
[2022-06-13 16:17:02,078] {logging_mixin.py:109} INFO - [2022-06-13 16:17:02,078] {dagbag.py:500} INFO - Filling up the DagBag from /opt/airflow/dags/etl_second_run.py
[2022-06-13 16:17:02,159] {processor.py:654} INFO - DAG(s) dict_keys(['etl_second_dag']) retrieved from /opt/airflow/dags/etl_second_run.py
[2022-06-13 16:17:02,185] {logging_mixin.py:109} INFO - [2022-06-13 16:17:02,185] {dag.py:2396} INFO - Sync 1 DAGs
[2022-06-13 16:17:02,303] {logging_mixin.py:109} INFO - [2022-06-13 16:17:02,303] {dag.py:2935} INFO - Setting next_dagrun for etl_second_dag to 2022-06-13T16:00:00+00:00
[2022-06-13 16:17:02,327] {processor.py:171} INFO - Processing /opt/airflow/dags/etl_second_run.py took 0.267 seconds
[2022-06-13 16:18:02,829] {processor.py:163} INFO - Started process (PID=506) to work on /opt/airflow/dags/etl_second_run.py
[2022-06-13 16:18:02,849] {processor.py:642} INFO - Processing file /opt/airflow/dags/etl_second_run.py for tasks to queue
[2022-06-13 16:18:02,856] {logging_mixin.py:109} INFO - [2022-06-13 16:18:02,856] {dagbag.py:500} INFO - Filling up the DagBag from /opt/airflow/dags/etl_second_run.py
[2022-06-13 16:18:03,491] {processor.py:654} INFO - DAG(s) dict_keys(['etl_second_dag']) retrieved from /opt/airflow/dags/etl_second_run.py
[2022-06-13 16:18:03,669] {logging_mixin.py:109} INFO - [2022-06-13 16:18:03,668] {dag.py:2396} INFO - Sync 1 DAGs
[2022-06-13 16:18:03,870] {logging_mixin.py:109} INFO - [2022-06-13 16:18:03,869] {dag.py:2935} INFO - Setting next_dagrun for etl_second_dag to 2022-06-13T16:00:00+00:00
[2022-06-13 16:18:04,117] {processor.py:171} INFO - Processing /opt/airflow/dags/etl_second_run.py took 1.415 seconds
[2022-06-13 16:19:05,842] {processor.py:163} INFO - Started process (PID=535) to work on /opt/airflow/dags/etl_second_run.py
[2022-06-13 16:19:05,857] {processor.py:642} INFO - Processing file /opt/airflow/dags/etl_second_run.py for tasks to queue
[2022-06-13 16:19:05,858] {logging_mixin.py:109} INFO - [2022-06-13 16:19:05,858] {dagbag.py:500} INFO - Filling up the DagBag from /opt/airflow/dags/etl_second_run.py
[2022-06-13 16:19:07,603] {processor.py:654} INFO - DAG(s) dict_keys(['etl_second_dag']) retrieved from /opt/airflow/dags/etl_second_run.py
[2022-06-13 16:19:07,951] {logging_mixin.py:109} INFO - [2022-06-13 16:19:07,951] {dag.py:2396} INFO - Sync 1 DAGs
[2022-06-13 16:19:08,680] {logging_mixin.py:109} INFO - [2022-06-13 16:19:08,680] {dag.py:2935} INFO - Setting next_dagrun for etl_second_dag to 2022-06-13T16:00:00+00:00
[2022-06-13 16:19:08,810] {processor.py:171} INFO - Processing /opt/airflow/dags/etl_second_run.py took 3.218 seconds
[2022-06-13 16:20:09,350] {processor.py:163} INFO - Started process (PID=564) to work on /opt/airflow/dags/etl_second_run.py
[2022-06-13 16:20:09,381] {processor.py:642} INFO - Processing file /opt/airflow/dags/etl_second_run.py for tasks to queue
[2022-06-13 16:20:09,398] {logging_mixin.py:109} INFO - [2022-06-13 16:20:09,397] {dagbag.py:500} INFO - Filling up the DagBag from /opt/airflow/dags/etl_second_run.py
[2022-06-13 16:20:10,545] {processor.py:654} INFO - DAG(s) dict_keys(['etl_second_dag']) retrieved from /opt/airflow/dags/etl_second_run.py
[2022-06-13 16:20:10,954] {logging_mixin.py:109} INFO - [2022-06-13 16:20:10,948] {dag.py:2396} INFO - Sync 1 DAGs
[2022-06-13 16:20:12,164] {logging_mixin.py:109} INFO - [2022-06-13 16:20:12,164] {dag.py:2935} INFO - Setting next_dagrun for etl_second_dag to 2022-06-13T16:00:00+00:00
[2022-06-13 16:20:12,447] {processor.py:171} INFO - Processing /opt/airflow/dags/etl_second_run.py took 3.119 seconds
[2022-06-13 16:21:12,627] {processor.py:163} INFO - Started process (PID=602) to work on /opt/airflow/dags/etl_second_run.py
[2022-06-13 16:21:12,630] {processor.py:642} INFO - Processing file /opt/airflow/dags/etl_second_run.py for tasks to queue
[2022-06-13 16:21:12,632] {logging_mixin.py:109} INFO - [2022-06-13 16:21:12,632] {dagbag.py:500} INFO - Filling up the DagBag from /opt/airflow/dags/etl_second_run.py
[2022-06-13 16:21:12,732] {processor.py:654} INFO - DAG(s) dict_keys(['etl_second_dag']) retrieved from /opt/airflow/dags/etl_second_run.py
[2022-06-13 16:21:12,752] {logging_mixin.py:109} INFO - [2022-06-13 16:21:12,752] {dag.py:2396} INFO - Sync 1 DAGs
[2022-06-13 16:21:12,785] {logging_mixin.py:109} INFO - [2022-06-13 16:21:12,784] {dag.py:2935} INFO - Setting next_dagrun for etl_second_dag to 2022-06-13T16:00:00+00:00
[2022-06-13 16:21:12,803] {processor.py:171} INFO - Processing /opt/airflow/dags/etl_second_run.py took 0.192 seconds
[2022-06-13 16:22:13,395] {processor.py:163} INFO - Started process (PID=637) to work on /opt/airflow/dags/etl_second_run.py
[2022-06-13 16:22:13,397] {processor.py:642} INFO - Processing file /opt/airflow/dags/etl_second_run.py for tasks to queue
[2022-06-13 16:22:13,398] {logging_mixin.py:109} INFO - [2022-06-13 16:22:13,398] {dagbag.py:500} INFO - Filling up the DagBag from /opt/airflow/dags/etl_second_run.py
[2022-06-13 16:22:13,442] {processor.py:654} INFO - DAG(s) dict_keys(['etl_second_dag']) retrieved from /opt/airflow/dags/etl_second_run.py
[2022-06-13 16:22:13,456] {logging_mixin.py:109} INFO - [2022-06-13 16:22:13,455] {dag.py:2396} INFO - Sync 1 DAGs
[2022-06-13 16:22:13,497] {logging_mixin.py:109} INFO - [2022-06-13 16:22:13,497] {dag.py:2935} INFO - Setting next_dagrun for etl_second_dag to 2022-06-13T16:00:00+00:00
[2022-06-13 16:22:13,520] {processor.py:171} INFO - Processing /opt/airflow/dags/etl_second_run.py took 0.132 seconds
[2022-06-13 16:23:14,096] {processor.py:163} INFO - Started process (PID=675) to work on /opt/airflow/dags/etl_second_run.py
[2022-06-13 16:23:14,098] {processor.py:642} INFO - Processing file /opt/airflow/dags/etl_second_run.py for tasks to queue
[2022-06-13 16:23:14,100] {logging_mixin.py:109} INFO - [2022-06-13 16:23:14,100] {dagbag.py:500} INFO - Filling up the DagBag from /opt/airflow/dags/etl_second_run.py
[2022-06-13 16:23:14,132] {processor.py:654} INFO - DAG(s) dict_keys(['etl_second_dag']) retrieved from /opt/airflow/dags/etl_second_run.py
[2022-06-13 16:23:14,143] {logging_mixin.py:109} INFO - [2022-06-13 16:23:14,143] {dag.py:2396} INFO - Sync 1 DAGs
[2022-06-13 16:23:14,184] {logging_mixin.py:109} INFO - [2022-06-13 16:23:14,184] {dag.py:2935} INFO - Setting next_dagrun for etl_second_dag to 2022-06-13T16:00:00+00:00
[2022-06-13 16:23:14,208] {processor.py:171} INFO - Processing /opt/airflow/dags/etl_second_run.py took 0.123 seconds
[2022-06-13 16:24:14,703] {processor.py:163} INFO - Started process (PID=713) to work on /opt/airflow/dags/etl_second_run.py
[2022-06-13 16:24:14,707] {processor.py:642} INFO - Processing file /opt/airflow/dags/etl_second_run.py for tasks to queue
[2022-06-13 16:24:14,709] {logging_mixin.py:109} INFO - [2022-06-13 16:24:14,709] {dagbag.py:500} INFO - Filling up the DagBag from /opt/airflow/dags/etl_second_run.py
[2022-06-13 16:24:14,794] {processor.py:654} INFO - DAG(s) dict_keys(['etl_second_dag']) retrieved from /opt/airflow/dags/etl_second_run.py
[2022-06-13 16:24:14,822] {logging_mixin.py:109} INFO - [2022-06-13 16:24:14,822] {dag.py:2396} INFO - Sync 1 DAGs
[2022-06-13 16:24:14,879] {logging_mixin.py:109} INFO - [2022-06-13 16:24:14,878] {dag.py:2935} INFO - Setting next_dagrun for etl_second_dag to 2022-06-13T16:00:00+00:00
[2022-06-13 16:24:14,901] {processor.py:171} INFO - Processing /opt/airflow/dags/etl_second_run.py took 0.207 seconds
[2022-06-13 16:25:15,445] {processor.py:163} INFO - Started process (PID=750) to work on /opt/airflow/dags/etl_second_run.py
[2022-06-13 16:25:15,449] {processor.py:642} INFO - Processing file /opt/airflow/dags/etl_second_run.py for tasks to queue
[2022-06-13 16:25:15,450] {logging_mixin.py:109} INFO - [2022-06-13 16:25:15,450] {dagbag.py:500} INFO - Filling up the DagBag from /opt/airflow/dags/etl_second_run.py
[2022-06-13 16:25:15,507] {processor.py:654} INFO - DAG(s) dict_keys(['etl_second_dag']) retrieved from /opt/airflow/dags/etl_second_run.py
[2022-06-13 16:25:15,553] {logging_mixin.py:109} INFO - [2022-06-13 16:25:15,553] {dag.py:2396} INFO - Sync 1 DAGs
[2022-06-13 16:25:15,587] {logging_mixin.py:109} INFO - [2022-06-13 16:25:15,587] {dag.py:2935} INFO - Setting next_dagrun for etl_second_dag to 2022-06-13T16:00:00+00:00
[2022-06-13 16:25:15,610] {processor.py:171} INFO - Processing /opt/airflow/dags/etl_second_run.py took 0.175 seconds
[2022-06-13 16:26:16,073] {processor.py:163} INFO - Started process (PID=788) to work on /opt/airflow/dags/etl_second_run.py
[2022-06-13 16:26:16,077] {processor.py:642} INFO - Processing file /opt/airflow/dags/etl_second_run.py for tasks to queue
[2022-06-13 16:26:16,078] {logging_mixin.py:109} INFO - [2022-06-13 16:26:16,078] {dagbag.py:500} INFO - Filling up the DagBag from /opt/airflow/dags/etl_second_run.py
[2022-06-13 16:26:16,144] {processor.py:654} INFO - DAG(s) dict_keys(['etl_second_dag']) retrieved from /opt/airflow/dags/etl_second_run.py
[2022-06-13 16:26:16,155] {logging_mixin.py:109} INFO - [2022-06-13 16:26:16,155] {dag.py:2396} INFO - Sync 1 DAGs
[2022-06-13 16:26:16,194] {logging_mixin.py:109} INFO - [2022-06-13 16:26:16,194] {dag.py:2935} INFO - Setting next_dagrun for etl_second_dag to 2022-06-13T16:00:00+00:00
[2022-06-13 16:26:16,222] {processor.py:171} INFO - Processing /opt/airflow/dags/etl_second_run.py took 0.154 seconds
[2022-06-13 16:27:16,503] {processor.py:163} INFO - Started process (PID=829) to work on /opt/airflow/dags/etl_second_run.py
[2022-06-13 16:27:16,508] {processor.py:642} INFO - Processing file /opt/airflow/dags/etl_second_run.py for tasks to queue
[2022-06-13 16:27:16,510] {logging_mixin.py:109} INFO - [2022-06-13 16:27:16,510] {dagbag.py:500} INFO - Filling up the DagBag from /opt/airflow/dags/etl_second_run.py
[2022-06-13 16:27:16,560] {processor.py:654} INFO - DAG(s) dict_keys(['etl_second_dag']) retrieved from /opt/airflow/dags/etl_second_run.py
[2022-06-13 16:27:16,578] {logging_mixin.py:109} INFO - [2022-06-13 16:27:16,578] {dag.py:2396} INFO - Sync 1 DAGs
[2022-06-13 16:27:16,605] {logging_mixin.py:109} INFO - [2022-06-13 16:27:16,605] {dag.py:2935} INFO - Setting next_dagrun for etl_second_dag to 2022-06-13T16:00:00+00:00
[2022-06-13 16:27:16,618] {processor.py:171} INFO - Processing /opt/airflow/dags/etl_second_run.py took 0.137 seconds
[2022-06-13 16:28:17,175] {processor.py:163} INFO - Started process (PID=867) to work on /opt/airflow/dags/etl_second_run.py
[2022-06-13 16:28:17,178] {processor.py:642} INFO - Processing file /opt/airflow/dags/etl_second_run.py for tasks to queue
[2022-06-13 16:28:17,179] {logging_mixin.py:109} INFO - [2022-06-13 16:28:17,179] {dagbag.py:500} INFO - Filling up the DagBag from /opt/airflow/dags/etl_second_run.py
[2022-06-13 16:28:17,248] {processor.py:654} INFO - DAG(s) dict_keys(['etl_second_dag']) retrieved from /opt/airflow/dags/etl_second_run.py
[2022-06-13 16:28:17,263] {logging_mixin.py:109} INFO - [2022-06-13 16:28:17,263] {dag.py:2396} INFO - Sync 1 DAGs
[2022-06-13 16:28:17,297] {logging_mixin.py:109} INFO - [2022-06-13 16:28:17,297] {dag.py:2935} INFO - Setting next_dagrun for etl_second_dag to 2022-06-13T16:00:00+00:00
[2022-06-13 16:28:17,320] {processor.py:171} INFO - Processing /opt/airflow/dags/etl_second_run.py took 0.151 seconds
[2022-06-13 16:29:17,921] {processor.py:163} INFO - Started process (PID=905) to work on /opt/airflow/dags/etl_second_run.py
[2022-06-13 16:29:17,923] {processor.py:642} INFO - Processing file /opt/airflow/dags/etl_second_run.py for tasks to queue
[2022-06-13 16:29:17,924] {logging_mixin.py:109} INFO - [2022-06-13 16:29:17,924] {dagbag.py:500} INFO - Filling up the DagBag from /opt/airflow/dags/etl_second_run.py
[2022-06-13 16:29:17,955] {processor.py:654} INFO - DAG(s) dict_keys(['etl_second_dag']) retrieved from /opt/airflow/dags/etl_second_run.py
[2022-06-13 16:29:17,965] {logging_mixin.py:109} INFO - [2022-06-13 16:29:17,965] {dag.py:2396} INFO - Sync 1 DAGs
[2022-06-13 16:29:17,982] {logging_mixin.py:109} INFO - [2022-06-13 16:29:17,982] {dag.py:2935} INFO - Setting next_dagrun for etl_second_dag to 2022-06-13T16:00:00+00:00
[2022-06-13 16:29:17,994] {processor.py:171} INFO - Processing /opt/airflow/dags/etl_second_run.py took 0.085 seconds
[2022-06-13 16:30:18,382] {processor.py:163} INFO - Started process (PID=952) to work on /opt/airflow/dags/etl_second_run.py
[2022-06-13 16:30:18,387] {processor.py:642} INFO - Processing file /opt/airflow/dags/etl_second_run.py for tasks to queue
[2022-06-13 16:30:18,389] {logging_mixin.py:109} INFO - [2022-06-13 16:30:18,388] {dagbag.py:500} INFO - Filling up the DagBag from /opt/airflow/dags/etl_second_run.py
[2022-06-13 16:30:18,465] {processor.py:654} INFO - DAG(s) dict_keys(['etl_second_dag']) retrieved from /opt/airflow/dags/etl_second_run.py
[2022-06-13 16:30:18,476] {logging_mixin.py:109} INFO - [2022-06-13 16:30:18,476] {dag.py:2396} INFO - Sync 1 DAGs
[2022-06-13 16:30:18,497] {logging_mixin.py:109} INFO - [2022-06-13 16:30:18,497] {dag.py:2935} INFO - Setting next_dagrun for etl_second_dag to 2022-06-13T16:00:00+00:00
[2022-06-13 16:30:18,507] {processor.py:171} INFO - Processing /opt/airflow/dags/etl_second_run.py took 0.132 seconds
[2022-06-13 16:31:18,931] {processor.py:163} INFO - Started process (PID=990) to work on /opt/airflow/dags/etl_second_run.py
[2022-06-13 16:31:18,933] {processor.py:642} INFO - Processing file /opt/airflow/dags/etl_second_run.py for tasks to queue
[2022-06-13 16:31:18,935] {logging_mixin.py:109} INFO - [2022-06-13 16:31:18,935] {dagbag.py:500} INFO - Filling up the DagBag from /opt/airflow/dags/etl_second_run.py
[2022-06-13 16:31:18,969] {processor.py:654} INFO - DAG(s) dict_keys(['etl_second_dag']) retrieved from /opt/airflow/dags/etl_second_run.py
[2022-06-13 16:31:18,978] {logging_mixin.py:109} INFO - [2022-06-13 16:31:18,978] {dag.py:2396} INFO - Sync 1 DAGs
[2022-06-13 16:31:18,997] {logging_mixin.py:109} INFO - [2022-06-13 16:31:18,997] {dag.py:2935} INFO - Setting next_dagrun for etl_second_dag to 2022-06-13T16:00:00+00:00
[2022-06-13 16:31:19,007] {processor.py:171} INFO - Processing /opt/airflow/dags/etl_second_run.py took 0.082 seconds
[2022-06-13 16:32:19,514] {processor.py:163} INFO - Started process (PID=1029) to work on /opt/airflow/dags/etl_second_run.py
[2022-06-13 16:32:19,520] {processor.py:642} INFO - Processing file /opt/airflow/dags/etl_second_run.py for tasks to queue
[2022-06-13 16:32:19,529] {logging_mixin.py:109} INFO - [2022-06-13 16:32:19,529] {dagbag.py:500} INFO - Filling up the DagBag from /opt/airflow/dags/etl_second_run.py
[2022-06-13 16:32:19,586] {processor.py:654} INFO - DAG(s) dict_keys(['etl_second_dag']) retrieved from /opt/airflow/dags/etl_second_run.py
[2022-06-13 16:32:19,599] {logging_mixin.py:109} INFO - [2022-06-13 16:32:19,599] {dag.py:2396} INFO - Sync 1 DAGs
[2022-06-13 16:32:19,625] {logging_mixin.py:109} INFO - [2022-06-13 16:32:19,625] {dag.py:2935} INFO - Setting next_dagrun for etl_second_dag to 2022-06-13T16:00:00+00:00
[2022-06-13 16:32:19,638] {processor.py:171} INFO - Processing /opt/airflow/dags/etl_second_run.py took 0.157 seconds
[2022-06-13 16:33:20,142] {processor.py:163} INFO - Started process (PID=1068) to work on /opt/airflow/dags/etl_second_run.py
[2022-06-13 16:33:20,145] {processor.py:642} INFO - Processing file /opt/airflow/dags/etl_second_run.py for tasks to queue
[2022-06-13 16:33:20,145] {logging_mixin.py:109} INFO - [2022-06-13 16:33:20,145] {dagbag.py:500} INFO - Filling up the DagBag from /opt/airflow/dags/etl_second_run.py
[2022-06-13 16:33:20,190] {processor.py:654} INFO - DAG(s) dict_keys(['etl_second_dag']) retrieved from /opt/airflow/dags/etl_second_run.py
[2022-06-13 16:33:20,204] {logging_mixin.py:109} INFO - [2022-06-13 16:33:20,203] {dag.py:2396} INFO - Sync 1 DAGs
[2022-06-13 16:33:20,244] {logging_mixin.py:109} INFO - [2022-06-13 16:33:20,244] {dag.py:2935} INFO - Setting next_dagrun for etl_second_dag to 2022-06-13T16:00:00+00:00
[2022-06-13 16:33:20,266] {processor.py:171} INFO - Processing /opt/airflow/dags/etl_second_run.py took 0.129 seconds
[2022-06-13 16:34:20,697] {processor.py:163} INFO - Started process (PID=1108) to work on /opt/airflow/dags/etl_second_run.py
[2022-06-13 16:34:20,702] {processor.py:642} INFO - Processing file /opt/airflow/dags/etl_second_run.py for tasks to queue
[2022-06-13 16:34:20,705] {logging_mixin.py:109} INFO - [2022-06-13 16:34:20,704] {dagbag.py:500} INFO - Filling up the DagBag from /opt/airflow/dags/etl_second_run.py
[2022-06-13 16:34:20,752] {processor.py:654} INFO - DAG(s) dict_keys(['etl_second_dag']) retrieved from /opt/airflow/dags/etl_second_run.py
[2022-06-13 16:34:20,764] {logging_mixin.py:109} INFO - [2022-06-13 16:34:20,764] {dag.py:2396} INFO - Sync 1 DAGs
[2022-06-13 16:34:20,807] {logging_mixin.py:109} INFO - [2022-06-13 16:34:20,807] {dag.py:2935} INFO - Setting next_dagrun for etl_second_dag to 2022-06-13T16:00:00+00:00
[2022-06-13 16:34:20,819] {processor.py:171} INFO - Processing /opt/airflow/dags/etl_second_run.py took 0.135 seconds
[2022-06-13 16:35:21,319] {processor.py:163} INFO - Started process (PID=1152) to work on /opt/airflow/dags/etl_second_run.py
[2022-06-13 16:35:21,326] {processor.py:642} INFO - Processing file /opt/airflow/dags/etl_second_run.py for tasks to queue
[2022-06-13 16:35:21,332] {logging_mixin.py:109} INFO - [2022-06-13 16:35:21,332] {dagbag.py:500} INFO - Filling up the DagBag from /opt/airflow/dags/etl_second_run.py
[2022-06-13 16:35:21,559] {processor.py:654} INFO - DAG(s) dict_keys(['etl_second_dag']) retrieved from /opt/airflow/dags/etl_second_run.py
[2022-06-13 16:35:21,589] {logging_mixin.py:109} INFO - [2022-06-13 16:35:21,589] {dag.py:2396} INFO - Sync 1 DAGs
[2022-06-13 16:35:21,629] {logging_mixin.py:109} INFO - [2022-06-13 16:35:21,629] {dag.py:2935} INFO - Setting next_dagrun for etl_second_dag to 2022-06-13T16:00:00+00:00
[2022-06-13 16:35:21,641] {processor.py:171} INFO - Processing /opt/airflow/dags/etl_second_run.py took 0.335 seconds
[2022-06-13 16:36:21,869] {processor.py:163} INFO - Started process (PID=1193) to work on /opt/airflow/dags/etl_second_run.py
[2022-06-13 16:36:21,871] {processor.py:642} INFO - Processing file /opt/airflow/dags/etl_second_run.py for tasks to queue
[2022-06-13 16:36:21,873] {logging_mixin.py:109} INFO - [2022-06-13 16:36:21,873] {dagbag.py:500} INFO - Filling up the DagBag from /opt/airflow/dags/etl_second_run.py
[2022-06-13 16:36:21,958] {processor.py:654} INFO - DAG(s) dict_keys(['etl_second_dag']) retrieved from /opt/airflow/dags/etl_second_run.py
[2022-06-13 16:36:21,990] {logging_mixin.py:109} INFO - [2022-06-13 16:36:21,990] {dag.py:2396} INFO - Sync 1 DAGs
[2022-06-13 16:36:22,042] {logging_mixin.py:109} INFO - [2022-06-13 16:36:22,042] {dag.py:2935} INFO - Setting next_dagrun for etl_second_dag to 2022-06-13T16:00:00+00:00
[2022-06-13 16:36:22,073] {processor.py:171} INFO - Processing /opt/airflow/dags/etl_second_run.py took 0.220 seconds
[2022-06-13 16:37:22,577] {processor.py:163} INFO - Started process (PID=1232) to work on /opt/airflow/dags/etl_second_run.py
[2022-06-13 16:37:22,582] {processor.py:642} INFO - Processing file /opt/airflow/dags/etl_second_run.py for tasks to queue
[2022-06-13 16:37:22,583] {logging_mixin.py:109} INFO - [2022-06-13 16:37:22,583] {dagbag.py:500} INFO - Filling up the DagBag from /opt/airflow/dags/etl_second_run.py
[2022-06-13 16:37:22,717] {processor.py:654} INFO - DAG(s) dict_keys(['etl_second_dag']) retrieved from /opt/airflow/dags/etl_second_run.py
[2022-06-13 16:37:22,769] {logging_mixin.py:109} INFO - [2022-06-13 16:37:22,769] {dag.py:2396} INFO - Sync 1 DAGs
[2022-06-13 16:37:22,832] {logging_mixin.py:109} INFO - [2022-06-13 16:37:22,831] {dag.py:2935} INFO - Setting next_dagrun for etl_second_dag to 2022-06-13T16:00:00+00:00
[2022-06-13 16:37:22,859] {processor.py:171} INFO - Processing /opt/airflow/dags/etl_second_run.py took 0.297 seconds
[2022-06-13 16:38:23,294] {processor.py:163} INFO - Started process (PID=1269) to work on /opt/airflow/dags/etl_second_run.py
[2022-06-13 16:38:23,297] {processor.py:642} INFO - Processing file /opt/airflow/dags/etl_second_run.py for tasks to queue
[2022-06-13 16:38:23,299] {logging_mixin.py:109} INFO - [2022-06-13 16:38:23,299] {dagbag.py:500} INFO - Filling up the DagBag from /opt/airflow/dags/etl_second_run.py
[2022-06-13 16:38:23,344] {processor.py:654} INFO - DAG(s) dict_keys(['etl_second_dag']) retrieved from /opt/airflow/dags/etl_second_run.py
[2022-06-13 16:38:23,357] {logging_mixin.py:109} INFO - [2022-06-13 16:38:23,357] {dag.py:2396} INFO - Sync 1 DAGs
[2022-06-13 16:38:23,387] {logging_mixin.py:109} INFO - [2022-06-13 16:38:23,387] {dag.py:2935} INFO - Setting next_dagrun for etl_second_dag to 2022-06-13T16:00:00+00:00
[2022-06-13 16:38:23,408] {processor.py:171} INFO - Processing /opt/airflow/dags/etl_second_run.py took 0.126 seconds
[2022-06-13 16:39:23,808] {processor.py:163} INFO - Started process (PID=1308) to work on /opt/airflow/dags/etl_second_run.py
[2022-06-13 16:39:23,810] {processor.py:642} INFO - Processing file /opt/airflow/dags/etl_second_run.py for tasks to queue
[2022-06-13 16:39:23,811] {logging_mixin.py:109} INFO - [2022-06-13 16:39:23,811] {dagbag.py:500} INFO - Filling up the DagBag from /opt/airflow/dags/etl_second_run.py
[2022-06-13 16:39:23,854] {processor.py:654} INFO - DAG(s) dict_keys(['etl_second_dag']) retrieved from /opt/airflow/dags/etl_second_run.py
[2022-06-13 16:39:23,867] {logging_mixin.py:109} INFO - [2022-06-13 16:39:23,867] {dag.py:2396} INFO - Sync 1 DAGs
[2022-06-13 16:39:23,892] {logging_mixin.py:109} INFO - [2022-06-13 16:39:23,892] {dag.py:2935} INFO - Setting next_dagrun for etl_second_dag to 2022-06-13T16:00:00+00:00
[2022-06-13 16:39:23,911] {processor.py:171} INFO - Processing /opt/airflow/dags/etl_second_run.py took 0.109 seconds
[2022-06-13 16:40:24,351] {processor.py:163} INFO - Started process (PID=1347) to work on /opt/airflow/dags/etl_second_run.py
[2022-06-13 16:40:24,355] {processor.py:642} INFO - Processing file /opt/airflow/dags/etl_second_run.py for tasks to queue
[2022-06-13 16:40:24,357] {logging_mixin.py:109} INFO - [2022-06-13 16:40:24,357] {dagbag.py:500} INFO - Filling up the DagBag from /opt/airflow/dags/etl_second_run.py
[2022-06-13 16:40:24,436] {processor.py:654} INFO - DAG(s) dict_keys(['etl_second_dag']) retrieved from /opt/airflow/dags/etl_second_run.py
[2022-06-13 16:40:24,448] {logging_mixin.py:109} INFO - [2022-06-13 16:40:24,448] {dag.py:2396} INFO - Sync 1 DAGs
[2022-06-13 16:40:24,465] {logging_mixin.py:109} INFO - [2022-06-13 16:40:24,465] {dag.py:2935} INFO - Setting next_dagrun for etl_second_dag to 2022-06-13T16:00:00+00:00
[2022-06-13 16:40:24,474] {processor.py:171} INFO - Processing /opt/airflow/dags/etl_second_run.py took 0.134 seconds
[2022-06-13 16:41:24,922] {processor.py:163} INFO - Started process (PID=1386) to work on /opt/airflow/dags/etl_second_run.py
[2022-06-13 16:41:24,925] {processor.py:642} INFO - Processing file /opt/airflow/dags/etl_second_run.py for tasks to queue
[2022-06-13 16:41:24,926] {logging_mixin.py:109} INFO - [2022-06-13 16:41:24,925] {dagbag.py:500} INFO - Filling up the DagBag from /opt/airflow/dags/etl_second_run.py
[2022-06-13 16:41:24,990] {processor.py:654} INFO - DAG(s) dict_keys(['etl_second_dag']) retrieved from /opt/airflow/dags/etl_second_run.py
[2022-06-13 16:41:25,000] {logging_mixin.py:109} INFO - [2022-06-13 16:41:25,000] {dag.py:2396} INFO - Sync 1 DAGs
[2022-06-13 16:41:25,017] {logging_mixin.py:109} INFO - [2022-06-13 16:41:25,017] {dag.py:2935} INFO - Setting next_dagrun for etl_second_dag to 2022-06-13T16:00:00+00:00
[2022-06-13 16:41:25,025] {processor.py:171} INFO - Processing /opt/airflow/dags/etl_second_run.py took 0.114 seconds
[2022-06-13 16:42:25,423] {processor.py:163} INFO - Started process (PID=1434) to work on /opt/airflow/dags/etl_second_run.py
[2022-06-13 16:42:25,427] {processor.py:642} INFO - Processing file /opt/airflow/dags/etl_second_run.py for tasks to queue
[2022-06-13 16:42:25,430] {logging_mixin.py:109} INFO - [2022-06-13 16:42:25,429] {dagbag.py:500} INFO - Filling up the DagBag from /opt/airflow/dags/etl_second_run.py
[2022-06-13 16:42:25,494] {processor.py:654} INFO - DAG(s) dict_keys(['etl_second_dag']) retrieved from /opt/airflow/dags/etl_second_run.py
[2022-06-13 16:42:25,514] {logging_mixin.py:109} INFO - [2022-06-13 16:42:25,513] {dag.py:2396} INFO - Sync 1 DAGs
[2022-06-13 16:42:25,547] {logging_mixin.py:109} INFO - [2022-06-13 16:42:25,547] {dag.py:2935} INFO - Setting next_dagrun for etl_second_dag to 2022-06-13T16:00:00+00:00
[2022-06-13 16:42:25,572] {processor.py:171} INFO - Processing /opt/airflow/dags/etl_second_run.py took 0.161 seconds
[2022-06-13 16:43:25,829] {processor.py:163} INFO - Started process (PID=1472) to work on /opt/airflow/dags/etl_second_run.py
[2022-06-13 16:43:25,834] {processor.py:642} INFO - Processing file /opt/airflow/dags/etl_second_run.py for tasks to queue
[2022-06-13 16:43:25,857] {logging_mixin.py:109} INFO - [2022-06-13 16:43:25,857] {dagbag.py:500} INFO - Filling up the DagBag from /opt/airflow/dags/etl_second_run.py
[2022-06-13 16:43:25,957] {processor.py:654} INFO - DAG(s) dict_keys(['etl_second_dag']) retrieved from /opt/airflow/dags/etl_second_run.py
[2022-06-13 16:43:25,974] {logging_mixin.py:109} INFO - [2022-06-13 16:43:25,974] {dag.py:2396} INFO - Sync 1 DAGs
[2022-06-13 16:43:26,021] {logging_mixin.py:109} INFO - [2022-06-13 16:43:26,021] {dag.py:2935} INFO - Setting next_dagrun for etl_second_dag to 2022-06-13T16:00:00+00:00
[2022-06-13 16:43:26,031] {processor.py:171} INFO - Processing /opt/airflow/dags/etl_second_run.py took 0.231 seconds
[2022-06-13 16:44:26,488] {processor.py:163} INFO - Started process (PID=1510) to work on /opt/airflow/dags/etl_second_run.py
[2022-06-13 16:44:26,493] {processor.py:642} INFO - Processing file /opt/airflow/dags/etl_second_run.py for tasks to queue
[2022-06-13 16:44:26,495] {logging_mixin.py:109} INFO - [2022-06-13 16:44:26,494] {dagbag.py:500} INFO - Filling up the DagBag from /opt/airflow/dags/etl_second_run.py
[2022-06-13 16:44:26,569] {processor.py:654} INFO - DAG(s) dict_keys(['etl_second_dag']) retrieved from /opt/airflow/dags/etl_second_run.py
[2022-06-13 16:44:26,583] {logging_mixin.py:109} INFO - [2022-06-13 16:44:26,583] {dag.py:2396} INFO - Sync 1 DAGs
[2022-06-13 16:44:26,602] {logging_mixin.py:109} INFO - [2022-06-13 16:44:26,602] {dag.py:2935} INFO - Setting next_dagrun for etl_second_dag to 2022-06-13T16:00:00+00:00
[2022-06-13 16:44:26,614] {processor.py:171} INFO - Processing /opt/airflow/dags/etl_second_run.py took 0.135 seconds
[2022-06-13 16:45:27,039] {processor.py:163} INFO - Started process (PID=1548) to work on /opt/airflow/dags/etl_second_run.py
[2022-06-13 16:45:27,043] {processor.py:642} INFO - Processing file /opt/airflow/dags/etl_second_run.py for tasks to queue
[2022-06-13 16:45:27,045] {logging_mixin.py:109} INFO - [2022-06-13 16:45:27,045] {dagbag.py:500} INFO - Filling up the DagBag from /opt/airflow/dags/etl_second_run.py
[2022-06-13 16:45:27,089] {processor.py:654} INFO - DAG(s) dict_keys(['etl_second_dag']) retrieved from /opt/airflow/dags/etl_second_run.py
[2022-06-13 16:45:27,099] {logging_mixin.py:109} INFO - [2022-06-13 16:45:27,099] {dag.py:2396} INFO - Sync 1 DAGs
[2022-06-13 16:45:27,118] {logging_mixin.py:109} INFO - [2022-06-13 16:45:27,118] {dag.py:2935} INFO - Setting next_dagrun for etl_second_dag to 2022-06-13T16:00:00+00:00
[2022-06-13 16:45:27,128] {processor.py:171} INFO - Processing /opt/airflow/dags/etl_second_run.py took 0.098 seconds
[2022-06-13 16:46:27,571] {processor.py:163} INFO - Started process (PID=1596) to work on /opt/airflow/dags/etl_second_run.py
[2022-06-13 16:46:27,590] {processor.py:642} INFO - Processing file /opt/airflow/dags/etl_second_run.py for tasks to queue
[2022-06-13 16:46:27,594] {logging_mixin.py:109} INFO - [2022-06-13 16:46:27,593] {dagbag.py:500} INFO - Filling up the DagBag from /opt/airflow/dags/etl_second_run.py
[2022-06-13 16:46:27,744] {processor.py:654} INFO - DAG(s) dict_keys(['etl_second_dag']) retrieved from /opt/airflow/dags/etl_second_run.py
[2022-06-13 16:46:27,812] {logging_mixin.py:109} INFO - [2022-06-13 16:46:27,811] {dag.py:2396} INFO - Sync 1 DAGs
[2022-06-13 16:46:28,010] {logging_mixin.py:109} INFO - [2022-06-13 16:46:28,010] {dag.py:2935} INFO - Setting next_dagrun for etl_second_dag to 2022-06-13T16:00:00+00:00
[2022-06-13 16:46:28,098] {processor.py:171} INFO - Processing /opt/airflow/dags/etl_second_run.py took 0.555 seconds
[2022-06-13 16:47:28,188] {processor.py:163} INFO - Started process (PID=1634) to work on /opt/airflow/dags/etl_second_run.py
[2022-06-13 16:47:28,194] {processor.py:642} INFO - Processing file /opt/airflow/dags/etl_second_run.py for tasks to queue
[2022-06-13 16:47:28,197] {logging_mixin.py:109} INFO - [2022-06-13 16:47:28,197] {dagbag.py:500} INFO - Filling up the DagBag from /opt/airflow/dags/etl_second_run.py
[2022-06-13 16:47:28,274] {processor.py:654} INFO - DAG(s) dict_keys(['etl_second_dag']) retrieved from /opt/airflow/dags/etl_second_run.py
[2022-06-13 16:47:28,319] {logging_mixin.py:109} INFO - [2022-06-13 16:47:28,319] {dag.py:2396} INFO - Sync 1 DAGs
[2022-06-13 16:47:28,372] {logging_mixin.py:109} INFO - [2022-06-13 16:47:28,371] {dag.py:2935} INFO - Setting next_dagrun for etl_second_dag to 2022-06-13T16:00:00+00:00
[2022-06-13 16:47:28,391] {processor.py:171} INFO - Processing /opt/airflow/dags/etl_second_run.py took 0.218 seconds
[2022-06-13 16:48:28,952] {processor.py:163} INFO - Started process (PID=1671) to work on /opt/airflow/dags/etl_second_run.py
[2022-06-13 16:48:28,963] {processor.py:642} INFO - Processing file /opt/airflow/dags/etl_second_run.py for tasks to queue
[2022-06-13 16:48:28,967] {logging_mixin.py:109} INFO - [2022-06-13 16:48:28,966] {dagbag.py:500} INFO - Filling up the DagBag from /opt/airflow/dags/etl_second_run.py
[2022-06-13 16:48:29,048] {processor.py:654} INFO - DAG(s) dict_keys(['etl_second_dag']) retrieved from /opt/airflow/dags/etl_second_run.py
[2022-06-13 16:48:29,066] {logging_mixin.py:109} INFO - [2022-06-13 16:48:29,065] {dag.py:2396} INFO - Sync 1 DAGs
[2022-06-13 16:48:29,092] {logging_mixin.py:109} INFO - [2022-06-13 16:48:29,092] {dag.py:2935} INFO - Setting next_dagrun for etl_second_dag to 2022-06-13T16:00:00+00:00
[2022-06-13 16:48:29,104] {processor.py:171} INFO - Processing /opt/airflow/dags/etl_second_run.py took 0.187 seconds
[2022-06-13 16:49:29,605] {processor.py:163} INFO - Started process (PID=1710) to work on /opt/airflow/dags/etl_second_run.py
[2022-06-13 16:49:29,611] {processor.py:642} INFO - Processing file /opt/airflow/dags/etl_second_run.py for tasks to queue
[2022-06-13 16:49:29,612] {logging_mixin.py:109} INFO - [2022-06-13 16:49:29,612] {dagbag.py:500} INFO - Filling up the DagBag from /opt/airflow/dags/etl_second_run.py
[2022-06-13 16:49:29,659] {processor.py:654} INFO - DAG(s) dict_keys(['etl_second_dag']) retrieved from /opt/airflow/dags/etl_second_run.py
[2022-06-13 16:49:29,672] {logging_mixin.py:109} INFO - [2022-06-13 16:49:29,672] {dag.py:2396} INFO - Sync 1 DAGs
[2022-06-13 16:49:29,698] {logging_mixin.py:109} INFO - [2022-06-13 16:49:29,697] {dag.py:2935} INFO - Setting next_dagrun for etl_second_dag to 2022-06-13T16:00:00+00:00
[2022-06-13 16:49:29,710] {processor.py:171} INFO - Processing /opt/airflow/dags/etl_second_run.py took 0.110 seconds
[2022-06-13 16:50:30,176] {processor.py:163} INFO - Started process (PID=1747) to work on /opt/airflow/dags/etl_second_run.py
[2022-06-13 16:50:30,179] {processor.py:642} INFO - Processing file /opt/airflow/dags/etl_second_run.py for tasks to queue
[2022-06-13 16:50:30,181] {logging_mixin.py:109} INFO - [2022-06-13 16:50:30,180] {dagbag.py:500} INFO - Filling up the DagBag from /opt/airflow/dags/etl_second_run.py
[2022-06-13 16:50:30,228] {processor.py:654} INFO - DAG(s) dict_keys(['etl_second_dag']) retrieved from /opt/airflow/dags/etl_second_run.py
[2022-06-13 16:50:30,243] {logging_mixin.py:109} INFO - [2022-06-13 16:50:30,242] {dag.py:2396} INFO - Sync 1 DAGs
[2022-06-13 16:50:30,268] {logging_mixin.py:109} INFO - [2022-06-13 16:50:30,268] {dag.py:2935} INFO - Setting next_dagrun for etl_second_dag to 2022-06-13T16:00:00+00:00
[2022-06-13 16:50:30,282] {processor.py:171} INFO - Processing /opt/airflow/dags/etl_second_run.py took 0.115 seconds
[2022-06-13 16:51:30,767] {processor.py:163} INFO - Started process (PID=1794) to work on /opt/airflow/dags/etl_second_run.py
[2022-06-13 16:51:30,786] {processor.py:642} INFO - Processing file /opt/airflow/dags/etl_second_run.py for tasks to queue
[2022-06-13 16:51:30,787] {logging_mixin.py:109} INFO - [2022-06-13 16:51:30,787] {dagbag.py:500} INFO - Filling up the DagBag from /opt/airflow/dags/etl_second_run.py
[2022-06-13 16:51:30,966] {processor.py:654} INFO - DAG(s) dict_keys(['etl_second_dag']) retrieved from /opt/airflow/dags/etl_second_run.py
[2022-06-13 16:51:31,002] {logging_mixin.py:109} INFO - [2022-06-13 16:51:31,002] {dag.py:2396} INFO - Sync 1 DAGs
[2022-06-13 16:51:31,078] {logging_mixin.py:109} INFO - [2022-06-13 16:51:31,078] {dag.py:2935} INFO - Setting next_dagrun for etl_second_dag to 2022-06-13T16:00:00+00:00
[2022-06-13 16:51:31,107] {processor.py:171} INFO - Processing /opt/airflow/dags/etl_second_run.py took 0.353 seconds
[2022-06-13 16:52:31,615] {processor.py:163} INFO - Started process (PID=1831) to work on /opt/airflow/dags/etl_second_run.py
[2022-06-13 16:52:31,623] {processor.py:642} INFO - Processing file /opt/airflow/dags/etl_second_run.py for tasks to queue
[2022-06-13 16:52:31,624] {logging_mixin.py:109} INFO - [2022-06-13 16:52:31,624] {dagbag.py:500} INFO - Filling up the DagBag from /opt/airflow/dags/etl_second_run.py
[2022-06-13 16:52:31,691] {processor.py:654} INFO - DAG(s) dict_keys(['etl_second_dag']) retrieved from /opt/airflow/dags/etl_second_run.py
[2022-06-13 16:52:31,707] {logging_mixin.py:109} INFO - [2022-06-13 16:52:31,706] {dag.py:2396} INFO - Sync 1 DAGs
[2022-06-13 16:52:31,759] {logging_mixin.py:109} INFO - [2022-06-13 16:52:31,759] {dag.py:2935} INFO - Setting next_dagrun for etl_second_dag to 2022-06-13T16:00:00+00:00
[2022-06-13 16:52:31,771] {processor.py:171} INFO - Processing /opt/airflow/dags/etl_second_run.py took 0.163 seconds
[2022-06-13 16:56:07,641] {processor.py:163} INFO - Started process (PID=1869) to work on /opt/airflow/dags/etl_second_run.py
[2022-06-13 16:56:07,664] {processor.py:642} INFO - Processing file /opt/airflow/dags/etl_second_run.py for tasks to queue
[2022-06-13 16:56:07,678] {logging_mixin.py:109} INFO - [2022-06-13 16:56:07,678] {dagbag.py:500} INFO - Filling up the DagBag from /opt/airflow/dags/etl_second_run.py
[2022-06-13 16:56:08,875] {processor.py:654} INFO - DAG(s) dict_keys(['etl_second_dag']) retrieved from /opt/airflow/dags/etl_second_run.py
[2022-06-13 16:56:08,909] {logging_mixin.py:109} INFO - [2022-06-13 16:56:08,909] {dag.py:2396} INFO - Sync 1 DAGs
[2022-06-13 16:56:08,975] {logging_mixin.py:109} INFO - [2022-06-13 16:56:08,975] {dag.py:2935} INFO - Setting next_dagrun for etl_second_dag to 2022-06-13T16:00:00+00:00
[2022-06-13 16:56:09,011] {processor.py:171} INFO - Processing /opt/airflow/dags/etl_second_run.py took 1.432 seconds
[2022-06-13 16:56:09,705] {processor.py:163} INFO - Started process (PID=1872) to work on /opt/airflow/dags/etl_second_run.py
[2022-06-13 16:56:09,710] {processor.py:642} INFO - Processing file /opt/airflow/dags/etl_second_run.py for tasks to queue
[2022-06-13 16:56:09,713] {logging_mixin.py:109} INFO - [2022-06-13 16:56:09,713] {dagbag.py:500} INFO - Filling up the DagBag from /opt/airflow/dags/etl_second_run.py
[2022-06-13 16:56:09,778] {processor.py:654} INFO - DAG(s) dict_keys(['etl_second_dag']) retrieved from /opt/airflow/dags/etl_second_run.py
[2022-06-13 16:56:09,801] {logging_mixin.py:109} INFO - [2022-06-13 16:56:09,801] {dag.py:2396} INFO - Sync 1 DAGs
[2022-06-13 16:56:09,834] {logging_mixin.py:109} INFO - [2022-06-13 16:56:09,834] {dag.py:2935} INFO - Setting next_dagrun for etl_second_dag to 2022-06-13T16:00:00+00:00
[2022-06-13 16:56:09,862] {processor.py:171} INFO - Processing /opt/airflow/dags/etl_second_run.py took 0.172 seconds
[2022-06-13 16:57:11,619] {processor.py:163} INFO - Started process (PID=1911) to work on /opt/airflow/dags/etl_second_run.py
[2022-06-13 16:57:11,665] {processor.py:642} INFO - Processing file /opt/airflow/dags/etl_second_run.py for tasks to queue
[2022-06-13 16:57:11,667] {logging_mixin.py:109} INFO - [2022-06-13 16:57:11,666] {dagbag.py:500} INFO - Filling up the DagBag from /opt/airflow/dags/etl_second_run.py
[2022-06-13 16:57:11,925] {processor.py:654} INFO - DAG(s) dict_keys(['etl_second_dag']) retrieved from /opt/airflow/dags/etl_second_run.py
[2022-06-13 16:57:11,949] {logging_mixin.py:109} INFO - [2022-06-13 16:57:11,949] {dag.py:2396} INFO - Sync 1 DAGs
[2022-06-13 16:57:12,023] {logging_mixin.py:109} INFO - [2022-06-13 16:57:12,022] {dag.py:2935} INFO - Setting next_dagrun for etl_second_dag to 2022-06-13T16:00:00+00:00
[2022-06-13 16:57:12,046] {processor.py:171} INFO - Processing /opt/airflow/dags/etl_second_run.py took 0.528 seconds
[2022-06-13 16:58:12,498] {processor.py:163} INFO - Started process (PID=1957) to work on /opt/airflow/dags/etl_second_run.py
[2022-06-13 16:58:12,501] {processor.py:642} INFO - Processing file /opt/airflow/dags/etl_second_run.py for tasks to queue
[2022-06-13 16:58:12,502] {logging_mixin.py:109} INFO - [2022-06-13 16:58:12,502] {dagbag.py:500} INFO - Filling up the DagBag from /opt/airflow/dags/etl_second_run.py
[2022-06-13 16:58:12,541] {processor.py:654} INFO - DAG(s) dict_keys(['etl_second_dag']) retrieved from /opt/airflow/dags/etl_second_run.py
[2022-06-13 16:58:12,560] {logging_mixin.py:109} INFO - [2022-06-13 16:58:12,560] {dag.py:2396} INFO - Sync 1 DAGs
[2022-06-13 16:58:12,615] {logging_mixin.py:109} INFO - [2022-06-13 16:58:12,615] {dag.py:2935} INFO - Setting next_dagrun for etl_second_dag to 2022-06-13T16:00:00+00:00
[2022-06-13 16:58:12,628] {processor.py:171} INFO - Processing /opt/airflow/dags/etl_second_run.py took 0.137 seconds
[2022-06-13 16:59:13,061] {processor.py:163} INFO - Started process (PID=1995) to work on /opt/airflow/dags/etl_second_run.py
[2022-06-13 16:59:13,063] {processor.py:642} INFO - Processing file /opt/airflow/dags/etl_second_run.py for tasks to queue
[2022-06-13 16:59:13,065] {logging_mixin.py:109} INFO - [2022-06-13 16:59:13,065] {dagbag.py:500} INFO - Filling up the DagBag from /opt/airflow/dags/etl_second_run.py
[2022-06-13 16:59:13,119] {processor.py:654} INFO - DAG(s) dict_keys(['etl_second_dag']) retrieved from /opt/airflow/dags/etl_second_run.py
[2022-06-13 16:59:13,135] {logging_mixin.py:109} INFO - [2022-06-13 16:59:13,135] {dag.py:2396} INFO - Sync 1 DAGs
[2022-06-13 16:59:13,171] {logging_mixin.py:109} INFO - [2022-06-13 16:59:13,171] {dag.py:2935} INFO - Setting next_dagrun for etl_second_dag to 2022-06-13T16:00:00+00:00
[2022-06-13 16:59:13,183] {processor.py:171} INFO - Processing /opt/airflow/dags/etl_second_run.py took 0.128 seconds
[2022-06-13 17:00:13,673] {processor.py:163} INFO - Started process (PID=2033) to work on /opt/airflow/dags/etl_second_run.py
[2022-06-13 17:00:13,675] {processor.py:642} INFO - Processing file /opt/airflow/dags/etl_second_run.py for tasks to queue
[2022-06-13 17:00:13,677] {logging_mixin.py:109} INFO - [2022-06-13 17:00:13,676] {dagbag.py:500} INFO - Filling up the DagBag from /opt/airflow/dags/etl_second_run.py
[2022-06-13 17:00:13,729] {processor.py:654} INFO - DAG(s) dict_keys(['etl_second_dag']) retrieved from /opt/airflow/dags/etl_second_run.py
[2022-06-13 17:00:13,744] {logging_mixin.py:109} INFO - [2022-06-13 17:00:13,744] {dag.py:2396} INFO - Sync 1 DAGs
[2022-06-13 17:00:13,860] {logging_mixin.py:109} INFO - [2022-06-13 17:00:13,820] {dag.py:2935} INFO - Setting next_dagrun for etl_second_dag to 2022-06-13T16:00:00+00:00
[2022-06-13 17:00:13,894] {processor.py:171} INFO - Processing /opt/airflow/dags/etl_second_run.py took 0.227 seconds
[2022-06-13 17:01:14,399] {processor.py:163} INFO - Started process (PID=2082) to work on /opt/airflow/dags/etl_second_run.py
[2022-06-13 17:01:14,406] {processor.py:642} INFO - Processing file /opt/airflow/dags/etl_second_run.py for tasks to queue
[2022-06-13 17:01:14,413] {logging_mixin.py:109} INFO - [2022-06-13 17:01:14,413] {dagbag.py:500} INFO - Filling up the DagBag from /opt/airflow/dags/etl_second_run.py
[2022-06-13 17:01:14,478] {processor.py:654} INFO - DAG(s) dict_keys(['etl_second_dag']) retrieved from /opt/airflow/dags/etl_second_run.py
[2022-06-13 17:01:14,502] {logging_mixin.py:109} INFO - [2022-06-13 17:01:14,502] {dag.py:2396} INFO - Sync 1 DAGs
[2022-06-13 17:01:14,532] {logging_mixin.py:109} INFO - [2022-06-13 17:01:14,531] {dag.py:2935} INFO - Setting next_dagrun for etl_second_dag to 2022-06-13T16:00:00+00:00
[2022-06-13 17:01:14,562] {processor.py:171} INFO - Processing /opt/airflow/dags/etl_second_run.py took 0.176 seconds
[2022-06-13 17:02:15,219] {processor.py:163} INFO - Started process (PID=2120) to work on /opt/airflow/dags/etl_second_run.py
[2022-06-13 17:02:15,226] {processor.py:642} INFO - Processing file /opt/airflow/dags/etl_second_run.py for tasks to queue
[2022-06-13 17:02:15,228] {logging_mixin.py:109} INFO - [2022-06-13 17:02:15,227] {dagbag.py:500} INFO - Filling up the DagBag from /opt/airflow/dags/etl_second_run.py
[2022-06-13 17:02:15,292] {processor.py:654} INFO - DAG(s) dict_keys(['etl_second_dag']) retrieved from /opt/airflow/dags/etl_second_run.py
[2022-06-13 17:02:15,325] {logging_mixin.py:109} INFO - [2022-06-13 17:02:15,325] {dag.py:2396} INFO - Sync 1 DAGs
[2022-06-13 17:02:15,372] {logging_mixin.py:109} INFO - [2022-06-13 17:02:15,372] {dag.py:2935} INFO - Setting next_dagrun for etl_second_dag to 2022-06-13T16:00:00+00:00
[2022-06-13 17:02:15,387] {processor.py:171} INFO - Processing /opt/airflow/dags/etl_second_run.py took 0.177 seconds
[2022-06-13 17:03:16,116] {processor.py:163} INFO - Started process (PID=2157) to work on /opt/airflow/dags/etl_second_run.py
[2022-06-13 17:03:16,136] {processor.py:642} INFO - Processing file /opt/airflow/dags/etl_second_run.py for tasks to queue
[2022-06-13 17:03:16,147] {logging_mixin.py:109} INFO - [2022-06-13 17:03:16,141] {dagbag.py:500} INFO - Filling up the DagBag from /opt/airflow/dags/etl_second_run.py
[2022-06-13 17:03:16,326] {processor.py:654} INFO - DAG(s) dict_keys(['etl_second_dag']) retrieved from /opt/airflow/dags/etl_second_run.py
[2022-06-13 17:03:16,389] {logging_mixin.py:109} INFO - [2022-06-13 17:03:16,389] {dag.py:2396} INFO - Sync 1 DAGs
[2022-06-13 17:03:16,434] {logging_mixin.py:109} INFO - [2022-06-13 17:03:16,434] {dag.py:2935} INFO - Setting next_dagrun for etl_second_dag to 2022-06-13T16:00:00+00:00
[2022-06-13 17:03:16,467] {processor.py:171} INFO - Processing /opt/airflow/dags/etl_second_run.py took 0.374 seconds
[2022-06-13 17:04:17,166] {processor.py:163} INFO - Started process (PID=2188) to work on /opt/airflow/dags/etl_second_run.py
[2022-06-13 17:04:17,169] {processor.py:642} INFO - Processing file /opt/airflow/dags/etl_second_run.py for tasks to queue
[2022-06-13 17:04:17,170] {logging_mixin.py:109} INFO - [2022-06-13 17:04:17,170] {dagbag.py:500} INFO - Filling up the DagBag from /opt/airflow/dags/etl_second_run.py
[2022-06-13 17:04:17,221] {processor.py:654} INFO - DAG(s) dict_keys(['etl_second_dag']) retrieved from /opt/airflow/dags/etl_second_run.py
[2022-06-13 17:04:17,243] {logging_mixin.py:109} INFO - [2022-06-13 17:04:17,243] {dag.py:2396} INFO - Sync 1 DAGs
[2022-06-13 17:04:17,275] {logging_mixin.py:109} INFO - [2022-06-13 17:04:17,275] {dag.py:2935} INFO - Setting next_dagrun for etl_second_dag to 2022-06-13T16:00:00+00:00
[2022-06-13 17:04:17,297] {processor.py:171} INFO - Processing /opt/airflow/dags/etl_second_run.py took 0.137 seconds
[2022-06-13 17:12:36,448] {processor.py:163} INFO - Started process (PID=180) to work on /opt/airflow/dags/etl_second_run.py
[2022-06-13 17:12:36,633] {processor.py:642} INFO - Processing file /opt/airflow/dags/etl_second_run.py for tasks to queue
[2022-06-13 17:12:36,634] {logging_mixin.py:109} INFO - [2022-06-13 17:12:36,634] {dagbag.py:500} INFO - Filling up the DagBag from /opt/airflow/dags/etl_second_run.py
[2022-06-13 17:12:39,959] {processor.py:654} INFO - DAG(s) dict_keys(['etl_second_dag']) retrieved from /opt/airflow/dags/etl_second_run.py
[2022-06-13 17:12:40,593] {logging_mixin.py:109} INFO - [2022-06-13 17:12:40,593] {dag.py:2396} INFO - Sync 1 DAGs
[2022-06-13 17:12:44,260] {logging_mixin.py:109} INFO - [2022-06-13 17:12:44,260] {dag.py:2935} INFO - Setting next_dagrun for etl_second_dag to 2022-06-12 16:00:00+00:00
[2022-06-13 17:12:44,844] {processor.py:171} INFO - Processing /opt/airflow/dags/etl_second_run.py took 8.664 seconds
[2022-06-13 17:13:47,576] {processor.py:163} INFO - Started process (PID=210) to work on /opt/airflow/dags/etl_second_run.py
[2022-06-13 17:13:48,111] {processor.py:642} INFO - Processing file /opt/airflow/dags/etl_second_run.py for tasks to queue
[2022-06-13 17:13:48,171] {logging_mixin.py:109} INFO - [2022-06-13 17:13:48,171] {dagbag.py:500} INFO - Filling up the DagBag from /opt/airflow/dags/etl_second_run.py
[2022-06-13 17:13:55,450] {processor.py:654} INFO - DAG(s) dict_keys(['etl_second_dag']) retrieved from /opt/airflow/dags/etl_second_run.py
[2022-06-13 17:13:55,756] {logging_mixin.py:109} INFO - [2022-06-13 17:13:55,756] {dag.py:2396} INFO - Sync 1 DAGs
[2022-06-13 17:13:56,128] {logging_mixin.py:109} INFO - [2022-06-13 17:13:56,128] {dag.py:2935} INFO - Setting next_dagrun for etl_second_dag to 2022-06-12 16:00:00+00:00
[2022-06-13 17:13:56,449] {processor.py:171} INFO - Processing /opt/airflow/dags/etl_second_run.py took 9.402 seconds
[2022-06-13 17:14:59,511] {processor.py:163} INFO - Started process (PID=246) to work on /opt/airflow/dags/etl_second_run.py
[2022-06-13 17:14:59,567] {processor.py:642} INFO - Processing file /opt/airflow/dags/etl_second_run.py for tasks to queue
[2022-06-13 17:14:59,699] {logging_mixin.py:109} INFO - [2022-06-13 17:14:59,699] {dagbag.py:500} INFO - Filling up the DagBag from /opt/airflow/dags/etl_second_run.py
[2022-06-13 17:15:02,834] {processor.py:654} INFO - DAG(s) dict_keys(['etl_second_dag']) retrieved from /opt/airflow/dags/etl_second_run.py
[2022-06-13 17:15:03,768] {logging_mixin.py:109} INFO - [2022-06-13 17:15:03,768] {dag.py:2396} INFO - Sync 1 DAGs
[2022-06-13 17:15:05,313] {logging_mixin.py:109} INFO - [2022-06-13 17:15:05,304] {dag.py:2935} INFO - Setting next_dagrun for etl_second_dag to 2022-06-12 16:00:00+00:00
[2022-06-13 17:15:06,812] {processor.py:171} INFO - Processing /opt/airflow/dags/etl_second_run.py took 7.364 seconds
[2022-06-13 17:16:09,490] {processor.py:163} INFO - Started process (PID=276) to work on /opt/airflow/dags/etl_second_run.py
[2022-06-13 17:16:09,542] {processor.py:642} INFO - Processing file /opt/airflow/dags/etl_second_run.py for tasks to queue
[2022-06-13 17:16:09,547] {logging_mixin.py:109} INFO - [2022-06-13 17:16:09,546] {dagbag.py:500} INFO - Filling up the DagBag from /opt/airflow/dags/etl_second_run.py
[2022-06-13 17:16:14,076] {processor.py:654} INFO - DAG(s) dict_keys(['etl_second_dag']) retrieved from /opt/airflow/dags/etl_second_run.py
[2022-06-13 17:16:16,845] {logging_mixin.py:109} INFO - [2022-06-13 17:16:16,844] {dag.py:2396} INFO - Sync 1 DAGs
[2022-06-13 17:16:21,211] {logging_mixin.py:109} INFO - [2022-06-13 17:16:21,210] {dag.py:2935} INFO - Setting next_dagrun for etl_second_dag to 2022-06-12 16:00:00+00:00
[2022-06-13 17:16:24,759] {processor.py:171} INFO - Processing /opt/airflow/dags/etl_second_run.py took 15.342 seconds
[2022-06-13 17:17:26,947] {processor.py:163} INFO - Started process (PID=311) to work on /opt/airflow/dags/etl_second_run.py
[2022-06-13 17:17:27,031] {processor.py:642} INFO - Processing file /opt/airflow/dags/etl_second_run.py for tasks to queue
[2022-06-13 17:17:27,043] {logging_mixin.py:109} INFO - [2022-06-13 17:17:27,042] {dagbag.py:500} INFO - Filling up the DagBag from /opt/airflow/dags/etl_second_run.py
[2022-06-13 17:17:30,945] {processor.py:654} INFO - DAG(s) dict_keys(['etl_second_dag']) retrieved from /opt/airflow/dags/etl_second_run.py
[2022-06-13 17:17:33,736] {logging_mixin.py:109} INFO - [2022-06-13 17:17:33,587] {dag.py:2396} INFO - Sync 1 DAGs
[2022-06-13 17:17:37,683] {logging_mixin.py:109} INFO - [2022-06-13 17:17:37,683] {dag.py:2935} INFO - Setting next_dagrun for etl_second_dag to 2022-06-12 16:00:00+00:00
[2022-06-13 17:17:38,656] {processor.py:171} INFO - Processing /opt/airflow/dags/etl_second_run.py took 12.076 seconds
[2022-06-13 17:18:40,244] {processor.py:163} INFO - Started process (PID=351) to work on /opt/airflow/dags/etl_second_run.py
[2022-06-13 17:18:40,252] {processor.py:642} INFO - Processing file /opt/airflow/dags/etl_second_run.py for tasks to queue
[2022-06-13 17:18:40,263] {logging_mixin.py:109} INFO - [2022-06-13 17:18:40,262] {dagbag.py:500} INFO - Filling up the DagBag from /opt/airflow/dags/etl_second_run.py
[2022-06-13 17:18:41,397] {processor.py:654} INFO - DAG(s) dict_keys(['etl_second_dag']) retrieved from /opt/airflow/dags/etl_second_run.py
[2022-06-13 17:18:41,833] {logging_mixin.py:109} INFO - [2022-06-13 17:18:41,832] {dag.py:2396} INFO - Sync 1 DAGs
[2022-06-13 17:18:42,819] {logging_mixin.py:109} INFO - [2022-06-13 17:18:42,818] {dag.py:2935} INFO - Setting next_dagrun for etl_second_dag to 2022-06-13T16:00:00+00:00
[2022-06-13 17:18:43,217] {processor.py:171} INFO - Processing /opt/airflow/dags/etl_second_run.py took 3.390 seconds
[2022-06-13 17:19:44,426] {processor.py:163} INFO - Started process (PID=381) to work on /opt/airflow/dags/etl_second_run.py
[2022-06-13 17:19:44,430] {processor.py:642} INFO - Processing file /opt/airflow/dags/etl_second_run.py for tasks to queue
[2022-06-13 17:19:44,438] {logging_mixin.py:109} INFO - [2022-06-13 17:19:44,438] {dagbag.py:500} INFO - Filling up the DagBag from /opt/airflow/dags/etl_second_run.py
[2022-06-13 17:19:46,237] {processor.py:654} INFO - DAG(s) dict_keys(['etl_second_dag']) retrieved from /opt/airflow/dags/etl_second_run.py
[2022-06-13 17:19:47,426] {logging_mixin.py:109} INFO - [2022-06-13 17:19:47,425] {dag.py:2396} INFO - Sync 1 DAGs
[2022-06-13 17:19:48,288] {logging_mixin.py:109} INFO - [2022-06-13 17:19:48,288] {dag.py:2935} INFO - Setting next_dagrun for etl_second_dag to 2022-06-13T16:00:00+00:00
[2022-06-13 17:19:49,182] {processor.py:171} INFO - Processing /opt/airflow/dags/etl_second_run.py took 4.766 seconds
[2022-06-13 17:20:51,689] {processor.py:163} INFO - Started process (PID=410) to work on /opt/airflow/dags/etl_second_run.py
[2022-06-13 17:20:51,969] {processor.py:642} INFO - Processing file /opt/airflow/dags/etl_second_run.py for tasks to queue
[2022-06-13 17:20:52,065] {logging_mixin.py:109} INFO - [2022-06-13 17:20:52,064] {dagbag.py:500} INFO - Filling up the DagBag from /opt/airflow/dags/etl_second_run.py
[2022-06-13 17:20:56,919] {processor.py:654} INFO - DAG(s) dict_keys(['etl_second_dag']) retrieved from /opt/airflow/dags/etl_second_run.py
[2022-06-13 17:20:58,828] {logging_mixin.py:109} INFO - [2022-06-13 17:20:58,728] {dag.py:2396} INFO - Sync 1 DAGs
[2022-06-13 17:21:00,378] {logging_mixin.py:109} INFO - [2022-06-13 17:21:00,378] {dag.py:2935} INFO - Setting next_dagrun for etl_second_dag to 2022-06-13T16:00:00+00:00
[2022-06-13 17:21:00,681] {processor.py:171} INFO - Processing /opt/airflow/dags/etl_second_run.py took 9.513 seconds
